   1              		.cpu arm7tdmi
   2              		.fpu softvfp
   3              		.eabi_attribute 20, 1
   4              		.eabi_attribute 21, 1
   5              		.eabi_attribute 23, 3
   6              		.eabi_attribute 24, 1
   7              		.eabi_attribute 25, 1
   8              		.eabi_attribute 26, 1
   9              		.eabi_attribute 30, 1
  10              		.eabi_attribute 34, 0
  11              		.eabi_attribute 18, 4
  12              		.code	16
  13              		.file	"bm_f1cyr.c"
  14              		.text
  15              	.Ltext0:
  16              		.cfi_sections	.debug_frame
  17              		.global	fnt1_CYR
  18              		.global	F1_I5FF
  19              		.global	F1_I5FA
  20              		.global	F1_I5F9
  21              		.global	F1_I5F8
  22              		.global	F1_I5F6
  23              		.global	F1_I5F1
  24              		.global	F1_I5EF
  25              		.global	F1_I5EE
  26              		.global	F1_I5ED
  27              		.global	F1_I5EC
  28              		.global	F1_I5EB
  29              		.global	F1_I5EA
  30              		.global	F1_I5E9
  31              		.global	F1_I5E8
  32              		.global	F1_I5E7
  33              		.global	F1_I5E6
  34              		.global	F1_I5E5
  35              		.global	F1_I5E4
  36              		.global	F1_I5E3
  37              		.global	F1_I5E2
  38              		.global	F1_I5E1
  39              		.global	F1_I5E0
  40              		.global	F1_I5DF
  41              		.global	F1_I5DE
  42              		.global	F1_I5DD
  43              		.global	F1_I5DC
  44              		.global	F1_I5DB
  45              		.global	F1_I5DA
  46              		.global	F1_I5D9
  47              		.global	F1_I5D8
  48              		.global	F1_I5D7
  49              		.global	F1_I5D6
  50              		.global	F1_I5D5
  51              		.global	F1_I5D4
  52              		.global	F1_I5D3
  53              		.global	F1_I5D2
  54              		.global	F1_I5D1
  55              		.global	F1_I5D0
  56              		.global	F1_I5CF
  57              		.global	F1_I5CE
  58              		.global	F1_I5CD
  59              		.global	F1_I5CC
  60              		.global	F1_I5CB
  61              		.global	F1_I5CA
  62              		.global	F1_I5C9
  63              		.global	F1_I5C8
  64              		.global	F1_I5C7
  65              		.global	F1_I5C6
  66              		.global	F1_I5C5
  67              		.global	F1_I5C4
  68              		.global	F1_I5C3
  69              		.global	F1_I5C2
  70              		.global	F1_I5C1
  71              		.global	F1_I5C0
  72              		.global	F1_I5BF
  73              		.global	F1_I5BE
  74              		.global	F1_I5BD
  75              		.global	F1_I5BC
  76              		.global	F1_I5BB
  77              		.global	F1_I5BA
  78              		.global	F1_I5B9
  79              		.global	F1_I5B8
  80              		.global	F1_I5B7
  81              		.global	F1_I5B6
  82              		.global	F1_I5B5
  83              		.global	F1_I5B4
  84              		.global	F1_I5B3
  85              		.global	F1_I5B2
  86              		.global	F1_I5B1
  87              		.global	F1_I5B0
  88              		.global	F1_I5AF
  89              		.global	F1_I5AA
  90              		.global	F1_I5A9
  91              		.global	F1_I5A8
  92              		.global	F1_I5A6
  93              		.global	F1_I5A1
  94              		.comm	POWERtaskhandle,4,4
  95              		.comm	TWItaskhandle,4,4
  96              		.comm	SetTime,4,4
  97              		.section	.rodata.F1_I5EA,"a",%progbits
  98              		.align	2
 101              	F1_I5EA:
 102 0000 05       		.byte	5
 103 0001 07       		.byte	7
 104 0002 00       		.byte	0
 105 0003 00       		.byte	0
 106 0004 C0       		.byte	-64
 107 0005 40       		.byte	64
 108 0006 70       		.byte	112
 109 0007 48       		.byte	72
 110 0008 70       		.byte	112
 111 0009 000000   		.section	.rodata.F1_I5EB,"a",%progbits
 112              		.align	2
 115              	F1_I5EB:
 116 0000 05       		.byte	5
 117 0001 07       		.byte	7
 118 0002 00       		.byte	0
 119 0003 00       		.byte	0
 120 0004 88       		.byte	-120
 121 0005 88       		.byte	-120
 122 0006 C8       		.byte	-56
 123 0007 A8       		.byte	-88
 124 0008 C8       		.byte	-56
 125 0009 000000   		.section	.rodata.F1_I5EC,"a",%progbits
 126              		.align	2
 129              	F1_I5EC:
 130 0000 04       		.byte	4
 131 0001 07       		.byte	7
 132 0002 00       		.byte	0
 133 0003 00       		.byte	0
 134 0004 80       		.byte	-128
 135 0005 80       		.byte	-128
 136 0006 E0       		.byte	-32
 137 0007 90       		.byte	-112
 138 0008 E0       		.byte	-32
 139 0009 000000   		.section	.rodata.F1_I5ED,"a",%progbits
 140              		.align	2
 143              	F1_I5ED:
 144 0000 05       		.byte	5
 145 0001 07       		.byte	7
 146 0002 00       		.byte	0
 147 0003 00       		.byte	0
 148 0004 70       		.byte	112
 149 0005 88       		.byte	-120
 150 0006 38       		.byte	56
 151 0007 88       		.byte	-120
 152 0008 70       		.byte	112
 153 0009 000000   		.section	.rodata.F1_I5EE,"a",%progbits
 154              		.align	2
 157              	F1_I5EE:
 158 0000 05       		.byte	5
 159 0001 07       		.byte	7
 160 0002 00       		.byte	0
 161 0003 00       		.byte	0
 162 0004 90       		.byte	-112
 163 0005 A8       		.byte	-88
 164 0006 E8       		.byte	-24
 165 0007 A8       		.byte	-88
 166 0008 90       		.byte	-112
 167 0009 000000   		.section	.rodata.F1_I5EF,"a",%progbits
 168              		.align	2
 171              	F1_I5EF:
 172 0000 05       		.byte	5
 173 0001 07       		.byte	7
 174 0002 00       		.byte	0
 175 0003 00       		.byte	0
 176 0004 78       		.byte	120
 177 0005 88       		.byte	-120
 178 0006 78       		.byte	120
 179 0007 88       		.byte	-120
 180 0008 88       		.byte	-120
 181 0009 000000   		.section	.rodata.F1_I5AF,"a",%progbits
 182              		.align	2
 185              	F1_I5AF:
 186 0000 05       		.byte	5
 187 0001 07       		.byte	7
 188 0002 88       		.byte	-120
 189 0003 88       		.byte	-120
 190 0004 88       		.byte	-120
 191 0005 88       		.byte	-120
 192 0006 88       		.byte	-120
 193 0007 F8       		.byte	-8
 194 0008 20       		.byte	32
 195 0009 000000   		.section	.rodata.F1_I5A6,"a",%progbits
 196              		.align	2
 199              	F1_I5A6:
 200 0000 05       		.byte	5
 201 0001 07       		.byte	7
 202 0002 70       		.byte	112
 203 0003 20       		.byte	32
 204 0004 20       		.byte	32
 205 0005 20       		.byte	32
 206 0006 20       		.byte	32
 207 0007 20       		.byte	32
 208 0008 70       		.byte	112
 209 0009 000000   		.section	.rodata.F1_I5B0,"a",%progbits
 210              		.align	2
 213              	F1_I5B0:
 214 0000 05       		.byte	5
 215 0001 07       		.byte	7
 216 0002 20       		.byte	32
 217 0003 50       		.byte	80
 218 0004 50       		.byte	80
 219 0005 88       		.byte	-120
 220 0006 F8       		.byte	-8
 221 0007 88       		.byte	-120
 222 0008 88       		.byte	-120
 223 0009 000000   		.section	.rodata.F1_I5B1,"a",%progbits
 224              		.align	2
 227              	F1_I5B1:
 228 0000 05       		.byte	5
 229 0001 07       		.byte	7
 230 0002 F8       		.byte	-8
 231 0003 80       		.byte	-128
 232 0004 80       		.byte	-128
 233 0005 F0       		.byte	-16
 234 0006 88       		.byte	-120
 235 0007 88       		.byte	-120
 236 0008 F0       		.byte	-16
 237 0009 000000   		.section	.rodata.F1_I5B2,"a",%progbits
 238              		.align	2
 241              	F1_I5B2:
 242 0000 05       		.byte	5
 243 0001 07       		.byte	7
 244 0002 F0       		.byte	-16
 245 0003 88       		.byte	-120
 246 0004 88       		.byte	-120
 247 0005 F0       		.byte	-16
 248 0006 88       		.byte	-120
 249 0007 88       		.byte	-120
 250 0008 F0       		.byte	-16
 251 0009 000000   		.section	.rodata.F1_I5B3,"a",%progbits
 252              		.align	2
 255              	F1_I5B3:
 256 0000 05       		.byte	5
 257 0001 07       		.byte	7
 258 0002 F8       		.byte	-8
 259 0003 48       		.byte	72
 260 0004 40       		.byte	64
 261 0005 40       		.byte	64
 262 0006 40       		.byte	64
 263 0007 40       		.byte	64
 264 0008 E0       		.byte	-32
 265 0009 000000   		.section	.rodata.F1_I5B4,"a",%progbits
 266              		.align	2
 269              	F1_I5B4:
 270 0000 06       		.byte	6
 271 0001 07       		.byte	7
 272 0002 38       		.byte	56
 273 0003 28       		.byte	40
 274 0004 28       		.byte	40
 275 0005 48       		.byte	72
 276 0006 48       		.byte	72
 277 0007 FC       		.byte	-4
 278 0008 84       		.byte	-124
 279 0009 000000   		.section	.rodata.fnt1_CYR,"a",%progbits
 280              		.align	2
 283              	fnt1_CYR:
 284 0000 01       		.byte	1
 285 0001 000000   		.space	3
 286 0004 00000000 		.word	F1_FILL
 287 0008 00000000 		.word	F1_ENT
 288 000c 00000000 		.word	F1_DEG
 289 0010 00000000 		.word	F1_RDS
 290 0014 00000000 		.word	F1_CLK
 291 0018 00000000 		.word	F1_POINT
 292 001c 00000000 		.word	F1_FILL
 293 0020 00000000 		.word	F1_FILL
 294 0024 00000000 		.word	F1_FILL
 295 0028 00000000 		.word	F1_FILL
 296 002c 00000000 		.word	F1_FILL
 297 0030 00000000 		.word	F1_FILL
 298 0034 00000000 		.word	F1_FILL
 299 0038 00000000 		.word	F1_FILL
 300 003c 00000000 		.word	F1_FILL
 301 0040 00000000 		.word	F1_FILL
 302 0044 00000000 		.word	F1_FILL
 303 0048 00000000 		.word	F1_FILL
 304 004c 00000000 		.word	F1_FILL
 305 0050 00000000 		.word	F1_FILL
 306 0054 00000000 		.word	F1_FILL
 307 0058 00000000 		.word	F1_FILL
 308 005c 00000000 		.word	F1_FILL
 309 0060 00000000 		.word	F1_FILL
 310 0064 00000000 		.word	F1_FILL
 311 0068 00000000 		.word	F1_FILL
 312 006c 00000000 		.word	F1_FILL
 313 0070 00000000 		.word	F1_FILL
 314 0074 00000000 		.word	F1_FILL
 315 0078 00000000 		.word	F1_FILL
 316 007c 00000000 		.word	F1_FILL
 317 0080 00000000 		.word	F1_FILL
 318 0084 00000000 		.word	F1_I120
 319 0088 00000000 		.word	F1_I121
 320 008c 00000000 		.word	F1_I122
 321 0090 00000000 		.word	F1_I123
 322 0094 00000000 		.word	F1_I124
 323 0098 00000000 		.word	F1_I125
 324 009c 00000000 		.word	F1_I126
 325 00a0 00000000 		.word	F1_I127
 326 00a4 00000000 		.word	F1_I128
 327 00a8 00000000 		.word	F1_I129
 328 00ac 00000000 		.word	F1_I12A
 329 00b0 00000000 		.word	F1_I12B
 330 00b4 00000000 		.word	F1_I12C
 331 00b8 00000000 		.word	F1_I12D
 332 00bc 00000000 		.word	F1_I12E
 333 00c0 00000000 		.word	F1_I12F
 334 00c4 00000000 		.word	F1_I130
 335 00c8 00000000 		.word	F1_I131
 336 00cc 00000000 		.word	F1_I132
 337 00d0 00000000 		.word	F1_I133
 338 00d4 00000000 		.word	F1_I134
 339 00d8 00000000 		.word	F1_I135
 340 00dc 00000000 		.word	F1_I136
 341 00e0 00000000 		.word	F1_I137
 342 00e4 00000000 		.word	F1_I138
 343 00e8 00000000 		.word	F1_I139
 344 00ec 00000000 		.word	F1_I13A
 345 00f0 00000000 		.word	F1_I13B
 346 00f4 00000000 		.word	F1_I13C
 347 00f8 00000000 		.word	F1_I13D
 348 00fc 00000000 		.word	F1_I13E
 349 0100 00000000 		.word	F1_I13F
 350 0104 00000000 		.word	F1_I140
 351 0108 00000000 		.word	F1_I141
 352 010c 00000000 		.word	F1_I142
 353 0110 00000000 		.word	F1_I143
 354 0114 00000000 		.word	F1_I144
 355 0118 00000000 		.word	F1_I145
 356 011c 00000000 		.word	F1_I146
 357 0120 00000000 		.word	F1_I147
 358 0124 00000000 		.word	F1_I148
 359 0128 00000000 		.word	F1_I149
 360 012c 00000000 		.word	F1_I14A
 361 0130 00000000 		.word	F1_I14B
 362 0134 00000000 		.word	F1_I14C
 363 0138 00000000 		.word	F1_I14D
 364 013c 00000000 		.word	F1_I14E
 365 0140 00000000 		.word	F1_I14F
 366 0144 00000000 		.word	F1_I150
 367 0148 00000000 		.word	F1_I151
 368 014c 00000000 		.word	F1_I152
 369 0150 00000000 		.word	F1_I153
 370 0154 00000000 		.word	F1_I154
 371 0158 00000000 		.word	F1_I155
 372 015c 00000000 		.word	F1_I156
 373 0160 00000000 		.word	F1_I157
 374 0164 00000000 		.word	F1_I158
 375 0168 00000000 		.word	F1_I159
 376 016c 00000000 		.word	F1_I15A
 377 0170 00000000 		.word	F1_I15B
 378 0174 00000000 		.word	F1_I15C
 379 0178 00000000 		.word	F1_I15D
 380 017c 00000000 		.word	F1_I15E
 381 0180 00000000 		.word	F1_I15F
 382 0184 00000000 		.word	F1_I160
 383 0188 00000000 		.word	F1_I161
 384 018c 00000000 		.word	F1_I162
 385 0190 00000000 		.word	F1_I163
 386 0194 00000000 		.word	F1_I164
 387 0198 00000000 		.word	F1_I165
 388 019c 00000000 		.word	F1_I166
 389 01a0 00000000 		.word	F1_I167
 390 01a4 00000000 		.word	F1_I168
 391 01a8 00000000 		.word	F1_I169
 392 01ac 00000000 		.word	F1_I16A
 393 01b0 00000000 		.word	F1_I16B
 394 01b4 00000000 		.word	F1_I16C
 395 01b8 00000000 		.word	F1_I16D
 396 01bc 00000000 		.word	F1_I16E
 397 01c0 00000000 		.word	F1_I16F
 398 01c4 00000000 		.word	F1_I170
 399 01c8 00000000 		.word	F1_I171
 400 01cc 00000000 		.word	F1_I172
 401 01d0 00000000 		.word	F1_I173
 402 01d4 00000000 		.word	F1_I174
 403 01d8 00000000 		.word	F1_I175
 404 01dc 00000000 		.word	F1_I176
 405 01e0 00000000 		.word	F1_I177
 406 01e4 00000000 		.word	F1_I178
 407 01e8 00000000 		.word	F1_I179
 408 01ec 00000000 		.word	F1_I17A
 409 01f0 00000000 		.word	F1_I17B
 410 01f4 00000000 		.word	F1_I17C
 411 01f8 00000000 		.word	F1_I17D
 412 01fc 00000000 		.word	F1_I17E
 413 0200 00000000 		.word	F1_FILL
 414 0204 00000000 		.word	F1_FILL
 415 0208 00000000 		.word	F1_FILL
 416 020c 00000000 		.word	F1_FILL
 417 0210 00000000 		.word	F1_FILL
 418 0214 00000000 		.word	F1_FILL
 419 0218 00000000 		.word	F1_FILL
 420 021c 00000000 		.word	F1_FILL
 421 0220 00000000 		.word	F1_FILL
 422 0224 00000000 		.word	F1_FILL
 423 0228 00000000 		.word	F1_FILL
 424 022c 00000000 		.word	F1_FILL
 425 0230 00000000 		.word	F1_FILL
 426 0234 00000000 		.word	F1_FILL
 427 0238 00000000 		.word	F1_FILL
 428 023c 00000000 		.word	F1_FILL
 429 0240 00000000 		.word	F1_FILL
 430 0244 00000000 		.word	F1_FILL
 431 0248 00000000 		.word	F1_FILL
 432 024c 00000000 		.word	F1_FILL
 433 0250 00000000 		.word	F1_FILL
 434 0254 00000000 		.word	F1_FILL
 435 0258 00000000 		.word	F1_FILL
 436 025c 00000000 		.word	F1_FILL
 437 0260 00000000 		.word	F1_FILL
 438 0264 00000000 		.word	F1_FILL
 439 0268 00000000 		.word	F1_FILL
 440 026c 00000000 		.word	F1_FILL
 441 0270 00000000 		.word	F1_FILL
 442 0274 00000000 		.word	F1_FILL
 443 0278 00000000 		.word	F1_FILL
 444 027c 00000000 		.word	F1_FILL
 445 0280 00000000 		.word	F1_FILL
 446 0284 00000000 		.word	F1_I120
 447 0288 00000000 		.word	F1_I5A1
 448 028c 00000000 		.word	F1_FILL
 449 0290 00000000 		.word	F1_FILL
 450 0294 00000000 		.word	F1_FILL
 451 0298 00000000 		.word	F1_FILL
 452 029c 00000000 		.word	F1_I5A6
 453 02a0 00000000 		.word	F1_FILL
 454 02a4 00000000 		.word	F1_I5A8
 455 02a8 00000000 		.word	F1_I5A9
 456 02ac 00000000 		.word	F1_I5AA
 457 02b0 00000000 		.word	F1_FILL
 458 02b4 00000000 		.word	F1_FILL
 459 02b8 00000000 		.word	F1_FILL
 460 02bc 00000000 		.word	F1_FILL
 461 02c0 00000000 		.word	F1_I5AF
 462 02c4 00000000 		.word	F1_I5B0
 463 02c8 00000000 		.word	F1_I5B1
 464 02cc 00000000 		.word	F1_I5B2
 465 02d0 00000000 		.word	F1_I5B3
 466 02d4 00000000 		.word	F1_I5B4
 467 02d8 00000000 		.word	F1_I5B5
 468 02dc 00000000 		.word	F1_I5B6
 469 02e0 00000000 		.word	F1_I5B7
 470 02e4 00000000 		.word	F1_I5B8
 471 02e8 00000000 		.word	F1_I5B9
 472 02ec 00000000 		.word	F1_I5BA
 473 02f0 00000000 		.word	F1_I5BB
 474 02f4 00000000 		.word	F1_I5BC
 475 02f8 00000000 		.word	F1_I5BD
 476 02fc 00000000 		.word	F1_I5BE
 477 0300 00000000 		.word	F1_I5BF
 478 0304 00000000 		.word	F1_I5C0
 479 0308 00000000 		.word	F1_I5C1
 480 030c 00000000 		.word	F1_I5C2
 481 0310 00000000 		.word	F1_I5C3
 482 0314 00000000 		.word	F1_I5C4
 483 0318 00000000 		.word	F1_I5C5
 484 031c 00000000 		.word	F1_I5C6
 485 0320 00000000 		.word	F1_I5C7
 486 0324 00000000 		.word	F1_I5C8
 487 0328 00000000 		.word	F1_I5C9
 488 032c 00000000 		.word	F1_I5CA
 489 0330 00000000 		.word	F1_I5CB
 490 0334 00000000 		.word	F1_I5CC
 491 0338 00000000 		.word	F1_I5CD
 492 033c 00000000 		.word	F1_I5CE
 493 0340 00000000 		.word	F1_I5CF
 494 0344 00000000 		.word	F1_I5D0
 495 0348 00000000 		.word	F1_I5D1
 496 034c 00000000 		.word	F1_I5D2
 497 0350 00000000 		.word	F1_I5D3
 498 0354 00000000 		.word	F1_I5D4
 499 0358 00000000 		.word	F1_I5D5
 500 035c 00000000 		.word	F1_I5D6
 501 0360 00000000 		.word	F1_I5D7
 502 0364 00000000 		.word	F1_I5D8
 503 0368 00000000 		.word	F1_I5D9
 504 036c 00000000 		.word	F1_I5DA
 505 0370 00000000 		.word	F1_I5DB
 506 0374 00000000 		.word	F1_I5DC
 507 0378 00000000 		.word	F1_I5DD
 508 037c 00000000 		.word	F1_I5DE
 509 0380 00000000 		.word	F1_I5DF
 510 0384 00000000 		.word	F1_I5E0
 511 0388 00000000 		.word	F1_I5E1
 512 038c 00000000 		.word	F1_I5E2
 513 0390 00000000 		.word	F1_I5E3
 514 0394 00000000 		.word	F1_I5E4
 515 0398 00000000 		.word	F1_I5E5
 516 039c 00000000 		.word	F1_I5E6
 517 03a0 00000000 		.word	F1_I5E7
 518 03a4 00000000 		.word	F1_I5E8
 519 03a8 00000000 		.word	F1_I5E9
 520 03ac 00000000 		.word	F1_I5EA
 521 03b0 00000000 		.word	F1_I5EB
 522 03b4 00000000 		.word	F1_I5EC
 523 03b8 00000000 		.word	F1_I5ED
 524 03bc 00000000 		.word	F1_I5EE
 525 03c0 00000000 		.word	F1_I5EF
 526 03c4 00000000 		.word	F1_FILL
 527 03c8 00000000 		.word	F1_I5F1
 528 03cc 00000000 		.word	F1_FILL
 529 03d0 00000000 		.word	F1_FILL
 530 03d4 00000000 		.word	F1_FILL
 531 03d8 00000000 		.word	F1_FILL
 532 03dc 00000000 		.word	F1_I5F6
 533 03e0 00000000 		.word	F1_FILL
 534 03e4 00000000 		.word	F1_I5F8
 535 03e8 00000000 		.word	F1_I5F9
 536 03ec 00000000 		.word	F1_I5FA
 537 03f0 00000000 		.word	F1_FILL
 538 03f4 00000000 		.word	F1_FILL
 539 03f8 00000000 		.word	F1_FILL
 540 03fc 00000000 		.word	F1_FILL
 541 0400 00000000 		.word	F1_I5FF
 542              		.section	.rodata.F1_I5B6,"a",%progbits
 543              		.align	2
 546              	F1_I5B6:
 547 0000 05       		.byte	5
 548 0001 07       		.byte	7
 549 0002 A8       		.byte	-88
 550 0003 A8       		.byte	-88
 551 0004 70       		.byte	112
 552 0005 20       		.byte	32
 553 0006 70       		.byte	112
 554 0007 A8       		.byte	-88
 555 0008 A8       		.byte	-88
 556 0009 000000   		.section	.rodata.F1_I5D0,"a",%progbits
 557              		.align	2
 560              	F1_I5D0:
 561 0000 05       		.byte	5
 562 0001 07       		.byte	7
 563 0002 00       		.byte	0
 564 0003 F0       		.byte	-16
 565 0004 08       		.byte	8
 566 0005 78       		.byte	120
 567 0006 88       		.byte	-120
 568 0007 88       		.byte	-120
 569 0008 78       		.byte	120
 570 0009 000000   		.section	.rodata.F1_I5D1,"a",%progbits
 571              		.align	2
 574              	F1_I5D1:
 575 0000 05       		.byte	5
 576 0001 07       		.byte	7
 577 0002 08       		.byte	8
 578 0003 70       		.byte	112
 579 0004 80       		.byte	-128
 580 0005 B0       		.byte	-80
 581 0006 C8       		.byte	-56
 582 0007 88       		.byte	-120
 583 0008 70       		.byte	112
 584 0009 000000   		.section	.rodata.F1_I5D2,"a",%progbits
 585              		.align	2
 588              	F1_I5D2:
 589 0000 05       		.byte	5
 590 0001 07       		.byte	7
 591 0002 00       		.byte	0
 592 0003 F0       		.byte	-16
 593 0004 88       		.byte	-120
 594 0005 F0       		.byte	-16
 595 0006 88       		.byte	-120
 596 0007 88       		.byte	-120
 597 0008 F0       		.byte	-16
 598 0009 000000   		.section	.rodata.F1_I5D3,"a",%progbits
 599              		.align	2
 602              	F1_I5D3:
 603 0000 05       		.byte	5
 604 0001 07       		.byte	7
 605 0002 00       		.byte	0
 606 0003 00       		.byte	0
 607 0004 F8       		.byte	-8
 608 0005 48       		.byte	72
 609 0006 40       		.byte	64
 610 0007 40       		.byte	64
 611 0008 E0       		.byte	-32
 612 0009 000000   		.section	.rodata.F1_I5D4,"a",%progbits
 613              		.align	2
 616              	F1_I5D4:
 617 0000 05       		.byte	5
 618 0001 07       		.byte	7
 619 0002 00       		.byte	0
 620 0003 30       		.byte	48
 621 0004 50       		.byte	80
 622 0005 50       		.byte	80
 623 0006 90       		.byte	-112
 624 0007 F8       		.byte	-8
 625 0008 88       		.byte	-120
 626 0009 000000   		.section	.rodata.F1_I5D5,"a",%progbits
 627              		.align	2
 630              	F1_I5D5:
 631 0000 05       		.byte	5
 632 0001 07       		.byte	7
 633 0002 00       		.byte	0
 634 0003 00       		.byte	0
 635 0004 70       		.byte	112
 636 0005 88       		.byte	-120
 637 0006 F8       		.byte	-8
 638 0007 80       		.byte	-128
 639 0008 78       		.byte	120
 640 0009 000000   		.section	.rodata.F1_I5D6,"a",%progbits
 641              		.align	2
 644              	F1_I5D6:
 645 0000 05       		.byte	5
 646 0001 07       		.byte	7
 647 0002 00       		.byte	0
 648 0003 00       		.byte	0
 649 0004 A8       		.byte	-88
 650 0005 A8       		.byte	-88
 651 0006 70       		.byte	112
 652 0007 A8       		.byte	-88
 653 0008 A8       		.byte	-88
 654 0009 000000   		.section	.rodata.F1_I5D7,"a",%progbits
 655              		.align	2
 658              	F1_I5D7:
 659 0000 05       		.byte	5
 660 0001 07       		.byte	7
 661 0002 00       		.byte	0
 662 0003 00       		.byte	0
 663 0004 F0       		.byte	-16
 664 0005 08       		.byte	8
 665 0006 70       		.byte	112
 666 0007 08       		.byte	8
 667 0008 F0       		.byte	-16
 668 0009 000000   		.section	.rodata.F1_I5D8,"a",%progbits
 669              		.align	2
 672              	F1_I5D8:
 673 0000 05       		.byte	5
 674 0001 07       		.byte	7
 675 0002 00       		.byte	0
 676 0003 00       		.byte	0
 677 0004 88       		.byte	-120
 678 0005 98       		.byte	-104
 679 0006 A8       		.byte	-88
 680 0007 C8       		.byte	-56
 681 0008 88       		.byte	-120
 682 0009 000000   		.section	.rodata.F1_I5D9,"a",%progbits
 683              		.align	2
 686              	F1_I5D9:
 687 0000 05       		.byte	5
 688 0001 07       		.byte	7
 689 0002 50       		.byte	80
 690 0003 20       		.byte	32
 691 0004 00       		.byte	0
 692 0005 98       		.byte	-104
 693 0006 A8       		.byte	-88
 694 0007 C8       		.byte	-56
 695 0008 88       		.byte	-120
 696 0009 000000   		.section	.rodata.F1_I5C7,"a",%progbits
 697              		.align	2
 700              	F1_I5C7:
 701 0000 05       		.byte	5
 702 0001 07       		.byte	7
 703 0002 88       		.byte	-120
 704 0003 88       		.byte	-120
 705 0004 88       		.byte	-120
 706 0005 78       		.byte	120
 707 0006 08       		.byte	8
 708 0007 08       		.byte	8
 709 0008 08       		.byte	8
 710 0009 000000   		.section	.rodata.F1_I5BB,"a",%progbits
 711              		.align	2
 714              	F1_I5BB:
 715 0000 05       		.byte	5
 716 0001 07       		.byte	7
 717 0002 78       		.byte	120
 718 0003 28       		.byte	40
 719 0004 28       		.byte	40
 720 0005 48       		.byte	72
 721 0006 48       		.byte	72
 722 0007 48       		.byte	72
 723 0008 C8       		.byte	-56
 724 0009 000000   		.section	.rodata.F1_I5C8,"a",%progbits
 725              		.align	2
 728              	F1_I5C8:
 729 0000 05       		.byte	5
 730 0001 07       		.byte	7
 731 0002 A8       		.byte	-88
 732 0003 A8       		.byte	-88
 733 0004 A8       		.byte	-88
 734 0005 A8       		.byte	-88
 735 0006 A8       		.byte	-88
 736 0007 A8       		.byte	-88
 737 0008 F8       		.byte	-8
 738 0009 000000   		.section	.rodata.F1_I5F6,"a",%progbits
 739              		.align	2
 742              	F1_I5F6:
 743 0000 05       		.byte	5
 744 0001 07       		.byte	7
 745 0002 20       		.byte	32
 746 0003 00       		.byte	0
 747 0004 60       		.byte	96
 748 0005 20       		.byte	32
 749 0006 20       		.byte	32
 750 0007 20       		.byte	32
 751 0008 70       		.byte	112
 752 0009 000000   		.section	.rodata.F1_I5C9,"a",%progbits
 753              		.align	2
 756              	F1_I5C9:
 757 0000 06       		.byte	6
 758 0001 07       		.byte	7
 759 0002 A8       		.byte	-88
 760 0003 A8       		.byte	-88
 761 0004 A8       		.byte	-88
 762 0005 A8       		.byte	-88
 763 0006 A8       		.byte	-88
 764 0007 FC       		.byte	-4
 765 0008 04       		.byte	4
 766 0009 000000   		.section	.rodata.F1_I5F8,"a",%progbits
 767              		.align	2
 770              	F1_I5F8:
 771 0000 05       		.byte	5
 772 0001 07       		.byte	7
 773 0002 10       		.byte	16
 774 0003 00       		.byte	0
 775 0004 30       		.byte	48
 776 0005 10       		.byte	16
 777 0006 10       		.byte	16
 778 0007 90       		.byte	-112
 779 0008 60       		.byte	96
 780 0009 000000   		.section	.rodata.F1_I5F9,"a",%progbits
 781              		.align	2
 784              	F1_I5F9:
 785 0000 07       		.byte	7
 786 0001 07       		.byte	7
 787 0002 00       		.byte	0
 788 0003 00       		.byte	0
 789 0004 7C       		.byte	124
 790 0005 28       		.byte	40
 791 0006 2C       		.byte	44
 792 0007 AA       		.byte	-86
 793 0008 4C       		.byte	76
 794 0009 000000   		.section	.rodata.F1_I5DA,"a",%progbits
 795              		.align	2
 798              	F1_I5DA:
 799 0000 05       		.byte	5
 800 0001 07       		.byte	7
 801 0002 00       		.byte	0
 802 0003 00       		.byte	0
 803 0004 88       		.byte	-120
 804 0005 90       		.byte	-112
 805 0006 F0       		.byte	-16
 806 0007 88       		.byte	-120
 807 0008 88       		.byte	-120
 808 0009 000000   		.section	.rodata.F1_I5DB,"a",%progbits
 809              		.align	2
 812              	F1_I5DB:
 813 0000 05       		.byte	5
 814 0001 07       		.byte	7
 815 0002 00       		.byte	0
 816 0003 00       		.byte	0
 817 0004 78       		.byte	120
 818 0005 48       		.byte	72
 819 0006 48       		.byte	72
 820 0007 48       		.byte	72
 821 0008 88       		.byte	-120
 822 0009 000000   		.section	.rodata.F1_I5DC,"a",%progbits
 823              		.align	2
 826              	F1_I5DC:
 827 0000 05       		.byte	5
 828 0001 07       		.byte	7
 829 0002 00       		.byte	0
 830 0003 00       		.byte	0
 831 0004 88       		.byte	-120
 832 0005 D8       		.byte	-40
 833 0006 A8       		.byte	-88
 834 0007 A8       		.byte	-88
 835 0008 88       		.byte	-120
 836 0009 000000   		.section	.rodata.F1_I5DD,"a",%progbits
 837              		.align	2
 840              	F1_I5DD:
 841 0000 05       		.byte	5
 842 0001 07       		.byte	7
 843 0002 00       		.byte	0
 844 0003 00       		.byte	0
 845 0004 88       		.byte	-120
 846 0005 88       		.byte	-120
 847 0006 F8       		.byte	-8
 848 0007 88       		.byte	-120
 849 0008 88       		.byte	-120
 850 0009 000000   		.section	.rodata.F1_I5DE,"a",%progbits
 851              		.align	2
 854              	F1_I5DE:
 855 0000 05       		.byte	5
 856 0001 07       		.byte	7
 857 0002 00       		.byte	0
 858 0003 00       		.byte	0
 859 0004 70       		.byte	112
 860 0005 88       		.byte	-120
 861 0006 88       		.byte	-120
 862 0007 88       		.byte	-120
 863 0008 70       		.byte	112
 864 0009 000000   		.section	.rodata.F1_I5DF,"a",%progbits
 865              		.align	2
 868              	F1_I5DF:
 869 0000 05       		.byte	5
 870 0001 07       		.byte	7
 871 0002 00       		.byte	0
 872 0003 00       		.byte	0
 873 0004 F8       		.byte	-8
 874 0005 88       		.byte	-120
 875 0006 88       		.byte	-120
 876 0007 88       		.byte	-120
 877 0008 88       		.byte	-120
 878 0009 000000   		.section	.rodata.F1_I5F1,"a",%progbits
 879              		.align	2
 882              	F1_I5F1:
 883 0000 05       		.byte	5
 884 0001 07       		.byte	7
 885 0002 50       		.byte	80
 886 0003 00       		.byte	0
 887 0004 70       		.byte	112
 888 0005 88       		.byte	-120
 889 0006 F8       		.byte	-8
 890 0007 80       		.byte	-128
 891 0008 78       		.byte	120
 892 0009 000000   		.section	.rodata.F1_I5FA,"a",%progbits
 893              		.align	2
 896              	F1_I5FA:
 897 0000 06       		.byte	6
 898 0001 07       		.byte	7
 899 0002 00       		.byte	0
 900 0003 00       		.byte	0
 901 0004 90       		.byte	-112
 902 0005 90       		.byte	-112
 903 0006 F8       		.byte	-8
 904 0007 94       		.byte	-108
 905 0008 98       		.byte	-104
 906 0009 000000   		.section	.rodata.F1_I5B8,"a",%progbits
 907              		.align	2
 910              	F1_I5B8:
 911 0000 05       		.byte	5
 912 0001 07       		.byte	7
 913 0002 88       		.byte	-120
 914 0003 98       		.byte	-104
 915 0004 98       		.byte	-104
 916 0005 A8       		.byte	-88
 917 0006 C8       		.byte	-56
 918 0007 C8       		.byte	-56
 919 0008 88       		.byte	-120
 920 0009 000000   		.section	.rodata.F1_I5B5,"a",%progbits
 921              		.align	2
 924              	F1_I5B5:
 925 0000 05       		.byte	5
 926 0001 07       		.byte	7
 927 0002 F8       		.byte	-8
 928 0003 80       		.byte	-128
 929 0004 80       		.byte	-128
 930 0005 F0       		.byte	-16
 931 0006 80       		.byte	-128
 932 0007 80       		.byte	-128
 933 0008 F8       		.byte	-8
 934 0009 000000   		.section	.rodata.F1_I5BC,"a",%progbits
 935              		.align	2
 938              	F1_I5BC:
 939 0000 05       		.byte	5
 940 0001 07       		.byte	7
 941 0002 88       		.byte	-120
 942 0003 D8       		.byte	-40
 943 0004 A8       		.byte	-88
 944 0005 A8       		.byte	-88
 945 0006 88       		.byte	-120
 946 0007 88       		.byte	-120
 947 0008 88       		.byte	-120
 948 0009 000000   		.section	.rodata.F1_I5FF,"a",%progbits
 949              		.align	2
 952              	F1_I5FF:
 953 0000 05       		.byte	5
 954 0001 07       		.byte	7
 955 0002 00       		.byte	0
 956 0003 00       		.byte	0
 957 0004 88       		.byte	-120
 958 0005 88       		.byte	-120
 959 0006 88       		.byte	-120
 960 0007 F8       		.byte	-8
 961 0008 20       		.byte	32
 962 0009 000000   		.section	.rodata.F1_I5B7,"a",%progbits
 963              		.align	2
 966              	F1_I5B7:
 967 0000 05       		.byte	5
 968 0001 07       		.byte	7
 969 0002 70       		.byte	112
 970 0003 88       		.byte	-120
 971 0004 08       		.byte	8
 972 0005 70       		.byte	112
 973 0006 08       		.byte	8
 974 0007 88       		.byte	-120
 975 0008 70       		.byte	112
 976 0009 000000   		.section	.rodata.F1_I5BE,"a",%progbits
 977              		.align	2
 980              	F1_I5BE:
 981 0000 05       		.byte	5
 982 0001 07       		.byte	7
 983 0002 70       		.byte	112
 984 0003 88       		.byte	-120
 985 0004 88       		.byte	-120
 986 0005 88       		.byte	-120
 987 0006 88       		.byte	-120
 988 0007 88       		.byte	-120
 989 0008 70       		.byte	112
 990 0009 000000   		.section	.rodata.F1_I5B9,"a",%progbits
 991              		.align	2
 994              	F1_I5B9:
 995 0000 05       		.byte	5
 996 0001 07       		.byte	7
 997 0002 50       		.byte	80
 998 0003 20       		.byte	32
 999 0004 88       		.byte	-120
 1000 0005 98       		.byte	-104
 1001 0006 A8       		.byte	-88
 1002 0007 C8       		.byte	-56
 1003 0008 88       		.byte	-120
 1004 0009 000000   		.section	.rodata.F1_I5BF,"a",%progbits
 1005              		.align	2
 1008              	F1_I5BF:
 1009 0000 05       		.byte	5
 1010 0001 07       		.byte	7
 1011 0002 F8       		.byte	-8
 1012 0003 88       		.byte	-120
 1013 0004 88       		.byte	-120
 1014 0005 88       		.byte	-120
 1015 0006 88       		.byte	-120
 1016 0007 88       		.byte	-120
 1017 0008 88       		.byte	-120
 1018 0009 000000   		.section	.rodata.F1_I5BA,"a",%progbits
 1019              		.align	2
 1022              	F1_I5BA:
 1023 0000 05       		.byte	5
 1024 0001 07       		.byte	7
 1025 0002 88       		.byte	-120
 1026 0003 90       		.byte	-112
 1027 0004 A0       		.byte	-96
 1028 0005 C0       		.byte	-64
 1029 0006 A0       		.byte	-96
 1030 0007 90       		.byte	-112
 1031 0008 88       		.byte	-120
 1032 0009 000000   		.section	.rodata.F1_I5AA,"a",%progbits
 1033              		.align	2
 1036              	F1_I5AA:
 1037 0000 06       		.byte	6
 1038 0001 07       		.byte	7
 1039 0002 90       		.byte	-112
 1040 0003 90       		.byte	-112
 1041 0004 90       		.byte	-112
 1042 0005 F8       		.byte	-8
 1043 0006 94       		.byte	-108
 1044 0007 94       		.byte	-108
 1045 0008 98       		.byte	-104
 1046 0009 000000   		.section	.rodata.F1_I5BD,"a",%progbits
 1047              		.align	2
 1050              	F1_I5BD:
 1051 0000 05       		.byte	5
 1052 0001 07       		.byte	7
 1053 0002 88       		.byte	-120
 1054 0003 88       		.byte	-120
 1055 0004 88       		.byte	-120
 1056 0005 F8       		.byte	-8
 1057 0006 88       		.byte	-120
 1058 0007 88       		.byte	-120
 1059 0008 88       		.byte	-120
 1060 0009 000000   		.section	.rodata.F1_I5A1,"a",%progbits
 1061              		.align	2
 1064              	F1_I5A1:
 1065 0000 05       		.byte	5
 1066 0001 07       		.byte	7
 1067 0002 50       		.byte	80
 1068 0003 00       		.byte	0
 1069 0004 F8       		.byte	-8
 1070 0005 80       		.byte	-128
 1071 0006 F0       		.byte	-16
 1072 0007 80       		.byte	-128
 1073 0008 F8       		.byte	-8
 1074 0009 000000   		.section	.rodata.F1_I5A8,"a",%progbits
 1075              		.align	2
 1078              	F1_I5A8:
 1079 0000 05       		.byte	5
 1080 0001 07       		.byte	7
 1081 0002 38       		.byte	56
 1082 0003 10       		.byte	16
 1083 0004 10       		.byte	16
 1084 0005 10       		.byte	16
 1085 0006 10       		.byte	16
 1086 0007 90       		.byte	-112
 1087 0008 60       		.byte	96
 1088 0009 000000   		.section	.rodata.F1_I5A9,"a",%progbits
 1089              		.align	2
 1092              	F1_I5A9:
 1093 0000 07       		.byte	7
 1094 0001 07       		.byte	7
 1095 0002 7C       		.byte	124
 1096 0003 28       		.byte	40
 1097 0004 28       		.byte	40
 1098 0005 2C       		.byte	44
 1099 0006 2A       		.byte	42
 1100 0007 AA       		.byte	-86
 1101 0008 4C       		.byte	76
 1102 0009 000000   		.section	.rodata.F1_I5C0,"a",%progbits
 1103              		.align	2
 1106              	F1_I5C0:
 1107 0000 05       		.byte	5
 1108 0001 07       		.byte	7
 1109 0002 F0       		.byte	-16
 1110 0003 88       		.byte	-120
 1111 0004 88       		.byte	-120
 1112 0005 F0       		.byte	-16
 1113 0006 80       		.byte	-128
 1114 0007 80       		.byte	-128
 1115 0008 80       		.byte	-128
 1116 0009 000000   		.section	.rodata.F1_I5C1,"a",%progbits
 1117              		.align	2
 1120              	F1_I5C1:
 1121 0000 05       		.byte	5
 1122 0001 07       		.byte	7
 1123 0002 70       		.byte	112
 1124 0003 88       		.byte	-120
 1125 0004 80       		.byte	-128
 1126 0005 80       		.byte	-128
 1127 0006 80       		.byte	-128
 1128 0007 88       		.byte	-120
 1129 0008 70       		.byte	112
 1130 0009 000000   		.section	.rodata.F1_I5C2,"a",%progbits
 1131              		.align	2
 1134              	F1_I5C2:
 1135 0000 05       		.byte	5
 1136 0001 07       		.byte	7
 1137 0002 F8       		.byte	-8
 1138 0003 20       		.byte	32
 1139 0004 20       		.byte	32
 1140 0005 20       		.byte	32
 1141 0006 20       		.byte	32
 1142 0007 20       		.byte	32
 1143 0008 20       		.byte	32
 1144 0009 000000   		.section	.rodata.F1_I5C3,"a",%progbits
 1145              		.align	2
 1148              	F1_I5C3:
 1149 0000 05       		.byte	5
 1150 0001 07       		.byte	7
 1151 0002 88       		.byte	-120
 1152 0003 88       		.byte	-120
 1153 0004 50       		.byte	80
 1154 0005 20       		.byte	32
 1155 0006 20       		.byte	32
 1156 0007 20       		.byte	32
 1157 0008 C0       		.byte	-64
 1158 0009 000000   		.section	.rodata.F1_I5C4,"a",%progbits
 1159              		.align	2
 1162              	F1_I5C4:
 1163 0000 05       		.byte	5
 1164 0001 07       		.byte	7
 1165 0002 20       		.byte	32
 1166 0003 70       		.byte	112
 1167 0004 A8       		.byte	-88
 1168 0005 A8       		.byte	-88
 1169 0006 A8       		.byte	-88
 1170 0007 70       		.byte	112
 1171 0008 20       		.byte	32
 1172 0009 000000   		.section	.rodata.F1_I5C5,"a",%progbits
 1173              		.align	2
 1176              	F1_I5C5:
 1177 0000 05       		.byte	5
 1178 0001 07       		.byte	7
 1179 0002 88       		.byte	-120
 1180 0003 88       		.byte	-120
 1181 0004 50       		.byte	80
 1182 0005 20       		.byte	32
 1183 0006 50       		.byte	80
 1184 0007 88       		.byte	-120
 1185 0008 88       		.byte	-120
 1186 0009 000000   		.section	.rodata.F1_I5C6,"a",%progbits
 1187              		.align	2
 1190              	F1_I5C6:
 1191 0000 05       		.byte	5
 1192 0001 07       		.byte	7
 1193 0002 90       		.byte	-112
 1194 0003 90       		.byte	-112
 1195 0004 90       		.byte	-112
 1196 0005 90       		.byte	-112
 1197 0006 90       		.byte	-112
 1198 0007 F8       		.byte	-8
 1199 0008 08       		.byte	8
 1200 0009 000000   		.section	.rodata.F1_I5E0,"a",%progbits
 1201              		.align	2
 1204              	F1_I5E0:
 1205 0000 05       		.byte	5
 1206 0001 07       		.byte	7
 1207 0002 00       		.byte	0
 1208 0003 B0       		.byte	-80
 1209 0004 C8       		.byte	-56
 1210 0005 C8       		.byte	-56
 1211 0006 B0       		.byte	-80
 1212 0007 80       		.byte	-128
 1213 0008 80       		.byte	-128
 1214 0009 000000   		.section	.rodata.F1_I5E1,"a",%progbits
 1215              		.align	2
 1218              	F1_I5E1:
 1219 0000 05       		.byte	5
 1220 0001 07       		.byte	7
 1221 0002 00       		.byte	0
 1222 0003 00       		.byte	0
 1223 0004 70       		.byte	112
 1224 0005 88       		.byte	-120
 1225 0006 80       		.byte	-128
 1226 0007 80       		.byte	-128
 1227 0008 78       		.byte	120
 1228 0009 000000   		.section	.rodata.F1_I5E2,"a",%progbits
 1229              		.align	2
 1232              	F1_I5E2:
 1233 0000 05       		.byte	5
 1234 0001 07       		.byte	7
 1235 0002 00       		.byte	0
 1236 0003 00       		.byte	0
 1237 0004 F8       		.byte	-8
 1238 0005 20       		.byte	32
 1239 0006 20       		.byte	32
 1240 0007 20       		.byte	32
 1241 0008 20       		.byte	32
 1242 0009 000000   		.section	.rodata.F1_I5E3,"a",%progbits
 1243              		.align	2
 1246              	F1_I5E3:
 1247 0000 05       		.byte	5
 1248 0001 07       		.byte	7
 1249 0002 00       		.byte	0
 1250 0003 88       		.byte	-120
 1251 0004 88       		.byte	-120
 1252 0005 58       		.byte	88
 1253 0006 30       		.byte	48
 1254 0007 20       		.byte	32
 1255 0008 E0       		.byte	-32
 1256 0009 000000   		.section	.rodata.F1_I5E4,"a",%progbits
 1257              		.align	2
 1260              	F1_I5E4:
 1261 0000 05       		.byte	5
 1262 0001 07       		.byte	7
 1263 0002 00       		.byte	0
 1264 0003 20       		.byte	32
 1265 0004 70       		.byte	112
 1266 0005 A8       		.byte	-88
 1267 0006 A8       		.byte	-88
 1268 0007 70       		.byte	112
 1269 0008 20       		.byte	32
 1270 0009 000000   		.section	.rodata.F1_I5E5,"a",%progbits
 1271              		.align	2
 1274              	F1_I5E5:
 1275 0000 05       		.byte	5
 1276 0001 07       		.byte	7
 1277 0002 00       		.byte	0
 1278 0003 00       		.byte	0
 1279 0004 88       		.byte	-120
 1280 0005 50       		.byte	80
 1281 0006 20       		.byte	32
 1282 0007 50       		.byte	80
 1283 0008 88       		.byte	-120
 1284 0009 000000   		.section	.rodata.F1_I5E6,"a",%progbits
 1285              		.align	2
 1288              	F1_I5E6:
 1289 0000 05       		.byte	5
 1290 0001 07       		.byte	7
 1291 0002 00       		.byte	0
 1292 0003 90       		.byte	-112
 1293 0004 90       		.byte	-112
 1294 0005 90       		.byte	-112
 1295 0006 90       		.byte	-112
 1296 0007 F8       		.byte	-8
 1297 0008 08       		.byte	8
 1298 0009 000000   		.section	.rodata.F1_I5E7,"a",%progbits
 1299              		.align	2
 1302              	F1_I5E7:
 1303 0000 04       		.byte	4
 1304 0001 07       		.byte	7
 1305 0002 00       		.byte	0
 1306 0003 90       		.byte	-112
 1307 0004 90       		.byte	-112
 1308 0005 90       		.byte	-112
 1309 0006 70       		.byte	112
 1310 0007 10       		.byte	16
 1311 0008 10       		.byte	16
 1312 0009 000000   		.section	.rodata.F1_I5E8,"a",%progbits
 1313              		.align	2
 1316              	F1_I5E8:
 1317 0000 05       		.byte	5
 1318 0001 07       		.byte	7
 1319 0002 00       		.byte	0
 1320 0003 00       		.byte	0
 1321 0004 A8       		.byte	-88
 1322 0005 A8       		.byte	-88
 1323 0006 A8       		.byte	-88
 1324 0007 A8       		.byte	-88
 1325 0008 F8       		.byte	-8
 1326 0009 000000   		.section	.rodata.F1_I5E9,"a",%progbits
 1327              		.align	2
 1330              	F1_I5E9:
 1331 0000 06       		.byte	6
 1332 0001 07       		.byte	7
 1333 0002 00       		.byte	0
 1334 0003 A8       		.byte	-88
 1335 0004 A8       		.byte	-88
 1336 0005 A8       		.byte	-88
 1337 0006 A8       		.byte	-88
 1338 0007 FC       		.byte	-4
 1339 0008 04       		.byte	4
 1340 0009 000000   		.section	.rodata.F1_I5CA,"a",%progbits
 1341              		.align	2
 1344              	F1_I5CA:
 1345 0000 05       		.byte	5
 1346 0001 07       		.byte	7
 1347 0002 C0       		.byte	-64
 1348 0003 40       		.byte	64
 1349 0004 70       		.byte	112
 1350 0005 48       		.byte	72
 1351 0006 48       		.byte	72
 1352 0007 48       		.byte	72
 1353 0008 70       		.byte	112
 1354 0009 000000   		.section	.rodata.F1_I5CB,"a",%progbits
 1355              		.align	2
 1358              	F1_I5CB:
 1359 0000 06       		.byte	6
 1360 0001 07       		.byte	7
 1361 0002 84       		.byte	-124
 1362 0003 84       		.byte	-124
 1363 0004 84       		.byte	-124
 1364 0005 E4       		.byte	-28
 1365 0006 94       		.byte	-108
 1366 0007 94       		.byte	-108
 1367 0008 E4       		.byte	-28
 1368 0009 000000   		.section	.rodata.F1_I5CC,"a",%progbits
 1369              		.align	2
 1372              	F1_I5CC:
 1373 0000 05       		.byte	5
 1374 0001 07       		.byte	7
 1375 0002 80       		.byte	-128
 1376 0003 80       		.byte	-128
 1377 0004 80       		.byte	-128
 1378 0005 F0       		.byte	-16
 1379 0006 88       		.byte	-120
 1380 0007 88       		.byte	-120
 1381 0008 F0       		.byte	-16
 1382 0009 000000   		.section	.rodata.F1_I5CD,"a",%progbits
 1383              		.align	2
 1386              	F1_I5CD:
 1387 0000 05       		.byte	5
 1388 0001 07       		.byte	7
 1389 0002 60       		.byte	96
 1390 0003 90       		.byte	-112
 1391 0004 08       		.byte	8
 1392 0005 38       		.byte	56
 1393 0006 08       		.byte	8
 1394 0007 90       		.byte	-112
 1395 0008 60       		.byte	96
 1396 0009 000000   		.section	.rodata.F1_I5CE,"a",%progbits
 1397              		.align	2
 1400              	F1_I5CE:
 1401 0000 06       		.byte	6
 1402 0001 07       		.byte	7
 1403 0002 98       		.byte	-104
 1404 0003 A4       		.byte	-92
 1405 0004 A4       		.byte	-92
 1406 0005 E4       		.byte	-28
 1407 0006 A4       		.byte	-92
 1408 0007 A4       		.byte	-92
 1409 0008 98       		.byte	-104
 1410 0009 000000   		.section	.rodata.F1_I5CF,"a",%progbits
 1411              		.align	2
 1414              	F1_I5CF:
 1415 0000 05       		.byte	5
 1416 0001 07       		.byte	7
 1417 0002 78       		.byte	120
 1418 0003 88       		.byte	-120
 1419 0004 88       		.byte	-120
 1420 0005 78       		.byte	120
 1421 0006 88       		.byte	-120
 1422 0007 88       		.byte	-120
 1423 0008 88       		.byte	-120
 1424 0009 000000   		.text
 1425              	.Letext0:
 1426              		.file 1 "./include/task.h"
 1427              		.file 2 "./include/queue.h"
 1428              		.file 3 "./include/semphr.h"
 1429              		.file 4 "Board.h"
 1430              		.file 5 "bm_f1all.h"
 1431              		.file 6 "bm_f1cyr.c"
DEFINED SYMBOLS
                            *ABS*:00000000 bm_f1cyr.c
  C:\Temp\ccislSls.s:283    .rodata.fnt1_CYR:00000000 fnt1_CYR
  C:\Temp\ccislSls.s:952    .rodata.F1_I5FF:00000000 F1_I5FF
  C:\Temp\ccislSls.s:896    .rodata.F1_I5FA:00000000 F1_I5FA
  C:\Temp\ccislSls.s:784    .rodata.F1_I5F9:00000000 F1_I5F9
  C:\Temp\ccislSls.s:770    .rodata.F1_I5F8:00000000 F1_I5F8
  C:\Temp\ccislSls.s:742    .rodata.F1_I5F6:00000000 F1_I5F6
  C:\Temp\ccislSls.s:882    .rodata.F1_I5F1:00000000 F1_I5F1
  C:\Temp\ccislSls.s:171    .rodata.F1_I5EF:00000000 F1_I5EF
  C:\Temp\ccislSls.s:157    .rodata.F1_I5EE:00000000 F1_I5EE
  C:\Temp\ccislSls.s:143    .rodata.F1_I5ED:00000000 F1_I5ED
  C:\Temp\ccislSls.s:129    .rodata.F1_I5EC:00000000 F1_I5EC
  C:\Temp\ccislSls.s:115    .rodata.F1_I5EB:00000000 F1_I5EB
  C:\Temp\ccislSls.s:101    .rodata.F1_I5EA:00000000 F1_I5EA
  C:\Temp\ccislSls.s:1330   .rodata.F1_I5E9:00000000 F1_I5E9
  C:\Temp\ccislSls.s:1316   .rodata.F1_I5E8:00000000 F1_I5E8
  C:\Temp\ccislSls.s:1302   .rodata.F1_I5E7:00000000 F1_I5E7
  C:\Temp\ccislSls.s:1288   .rodata.F1_I5E6:00000000 F1_I5E6
  C:\Temp\ccislSls.s:1274   .rodata.F1_I5E5:00000000 F1_I5E5
  C:\Temp\ccislSls.s:1260   .rodata.F1_I5E4:00000000 F1_I5E4
  C:\Temp\ccislSls.s:1246   .rodata.F1_I5E3:00000000 F1_I5E3
  C:\Temp\ccislSls.s:1232   .rodata.F1_I5E2:00000000 F1_I5E2
  C:\Temp\ccislSls.s:1218   .rodata.F1_I5E1:00000000 F1_I5E1
  C:\Temp\ccislSls.s:1204   .rodata.F1_I5E0:00000000 F1_I5E0
  C:\Temp\ccislSls.s:868    .rodata.F1_I5DF:00000000 F1_I5DF
  C:\Temp\ccislSls.s:854    .rodata.F1_I5DE:00000000 F1_I5DE
  C:\Temp\ccislSls.s:840    .rodata.F1_I5DD:00000000 F1_I5DD
  C:\Temp\ccislSls.s:826    .rodata.F1_I5DC:00000000 F1_I5DC
  C:\Temp\ccislSls.s:812    .rodata.F1_I5DB:00000000 F1_I5DB
  C:\Temp\ccislSls.s:798    .rodata.F1_I5DA:00000000 F1_I5DA
  C:\Temp\ccislSls.s:686    .rodata.F1_I5D9:00000000 F1_I5D9
  C:\Temp\ccislSls.s:672    .rodata.F1_I5D8:00000000 F1_I5D8
  C:\Temp\ccislSls.s:658    .rodata.F1_I5D7:00000000 F1_I5D7
  C:\Temp\ccislSls.s:644    .rodata.F1_I5D6:00000000 F1_I5D6
  C:\Temp\ccislSls.s:630    .rodata.F1_I5D5:00000000 F1_I5D5
  C:\Temp\ccislSls.s:616    .rodata.F1_I5D4:00000000 F1_I5D4
  C:\Temp\ccislSls.s:602    .rodata.F1_I5D3:00000000 F1_I5D3
  C:\Temp\ccislSls.s:588    .rodata.F1_I5D2:00000000 F1_I5D2
  C:\Temp\ccislSls.s:574    .rodata.F1_I5D1:00000000 F1_I5D1
  C:\Temp\ccislSls.s:560    .rodata.F1_I5D0:00000000 F1_I5D0
  C:\Temp\ccislSls.s:1414   .rodata.F1_I5CF:00000000 F1_I5CF
  C:\Temp\ccislSls.s:1400   .rodata.F1_I5CE:00000000 F1_I5CE
  C:\Temp\ccislSls.s:1386   .rodata.F1_I5CD:00000000 F1_I5CD
  C:\Temp\ccislSls.s:1372   .rodata.F1_I5CC:00000000 F1_I5CC
  C:\Temp\ccislSls.s:1358   .rodata.F1_I5CB:00000000 F1_I5CB
  C:\Temp\ccislSls.s:1344   .rodata.F1_I5CA:00000000 F1_I5CA
  C:\Temp\ccislSls.s:756    .rodata.F1_I5C9:00000000 F1_I5C9
  C:\Temp\ccislSls.s:728    .rodata.F1_I5C8:00000000 F1_I5C8
  C:\Temp\ccislSls.s:700    .rodata.F1_I5C7:00000000 F1_I5C7
  C:\Temp\ccislSls.s:1190   .rodata.F1_I5C6:00000000 F1_I5C6
  C:\Temp\ccislSls.s:1176   .rodata.F1_I5C5:00000000 F1_I5C5
  C:\Temp\ccislSls.s:1162   .rodata.F1_I5C4:00000000 F1_I5C4
  C:\Temp\ccislSls.s:1148   .rodata.F1_I5C3:00000000 F1_I5C3
  C:\Temp\ccislSls.s:1134   .rodata.F1_I5C2:00000000 F1_I5C2
  C:\Temp\ccislSls.s:1120   .rodata.F1_I5C1:00000000 F1_I5C1
  C:\Temp\ccislSls.s:1106   .rodata.F1_I5C0:00000000 F1_I5C0
  C:\Temp\ccislSls.s:1008   .rodata.F1_I5BF:00000000 F1_I5BF
  C:\Temp\ccislSls.s:980    .rodata.F1_I5BE:00000000 F1_I5BE
  C:\Temp\ccislSls.s:1050   .rodata.F1_I5BD:00000000 F1_I5BD
  C:\Temp\ccislSls.s:938    .rodata.F1_I5BC:00000000 F1_I5BC
  C:\Temp\ccislSls.s:714    .rodata.F1_I5BB:00000000 F1_I5BB
  C:\Temp\ccislSls.s:1022   .rodata.F1_I5BA:00000000 F1_I5BA
  C:\Temp\ccislSls.s:994    .rodata.F1_I5B9:00000000 F1_I5B9
  C:\Temp\ccislSls.s:910    .rodata.F1_I5B8:00000000 F1_I5B8
  C:\Temp\ccislSls.s:966    .rodata.F1_I5B7:00000000 F1_I5B7
  C:\Temp\ccislSls.s:546    .rodata.F1_I5B6:00000000 F1_I5B6
  C:\Temp\ccislSls.s:924    .rodata.F1_I5B5:00000000 F1_I5B5
  C:\Temp\ccislSls.s:269    .rodata.F1_I5B4:00000000 F1_I5B4
  C:\Temp\ccislSls.s:255    .rodata.F1_I5B3:00000000 F1_I5B3
  C:\Temp\ccislSls.s:241    .rodata.F1_I5B2:00000000 F1_I5B2
  C:\Temp\ccislSls.s:227    .rodata.F1_I5B1:00000000 F1_I5B1
  C:\Temp\ccislSls.s:213    .rodata.F1_I5B0:00000000 F1_I5B0
  C:\Temp\ccislSls.s:185    .rodata.F1_I5AF:00000000 F1_I5AF
  C:\Temp\ccislSls.s:1036   .rodata.F1_I5AA:00000000 F1_I5AA
  C:\Temp\ccislSls.s:1092   .rodata.F1_I5A9:00000000 F1_I5A9
  C:\Temp\ccislSls.s:1078   .rodata.F1_I5A8:00000000 F1_I5A8
  C:\Temp\ccislSls.s:199    .rodata.F1_I5A6:00000000 F1_I5A6
  C:\Temp\ccislSls.s:1064   .rodata.F1_I5A1:00000000 F1_I5A1
                            *COM*:00000004 POWERtaskhandle
                            *COM*:00000004 TWItaskhandle
                            *COM*:00000004 SetTime
  C:\Temp\ccislSls.s:98     .rodata.F1_I5EA:00000000 $d
  C:\Temp\ccislSls.s:112    .rodata.F1_I5EB:00000000 $d
  C:\Temp\ccislSls.s:126    .rodata.F1_I5EC:00000000 $d
  C:\Temp\ccislSls.s:140    .rodata.F1_I5ED:00000000 $d
  C:\Temp\ccislSls.s:154    .rodata.F1_I5EE:00000000 $d
  C:\Temp\ccislSls.s:168    .rodata.F1_I5EF:00000000 $d
  C:\Temp\ccislSls.s:182    .rodata.F1_I5AF:00000000 $d
  C:\Temp\ccislSls.s:196    .rodata.F1_I5A6:00000000 $d
  C:\Temp\ccislSls.s:210    .rodata.F1_I5B0:00000000 $d
  C:\Temp\ccislSls.s:224    .rodata.F1_I5B1:00000000 $d
  C:\Temp\ccislSls.s:238    .rodata.F1_I5B2:00000000 $d
  C:\Temp\ccislSls.s:252    .rodata.F1_I5B3:00000000 $d
  C:\Temp\ccislSls.s:266    .rodata.F1_I5B4:00000000 $d
  C:\Temp\ccislSls.s:280    .rodata.fnt1_CYR:00000000 $d
  C:\Temp\ccislSls.s:543    .rodata.F1_I5B6:00000000 $d
  C:\Temp\ccislSls.s:557    .rodata.F1_I5D0:00000000 $d
  C:\Temp\ccislSls.s:571    .rodata.F1_I5D1:00000000 $d
  C:\Temp\ccislSls.s:585    .rodata.F1_I5D2:00000000 $d
  C:\Temp\ccislSls.s:599    .rodata.F1_I5D3:00000000 $d
  C:\Temp\ccislSls.s:613    .rodata.F1_I5D4:00000000 $d
  C:\Temp\ccislSls.s:627    .rodata.F1_I5D5:00000000 $d
  C:\Temp\ccislSls.s:641    .rodata.F1_I5D6:00000000 $d
  C:\Temp\ccislSls.s:655    .rodata.F1_I5D7:00000000 $d
  C:\Temp\ccislSls.s:669    .rodata.F1_I5D8:00000000 $d
  C:\Temp\ccislSls.s:683    .rodata.F1_I5D9:00000000 $d
  C:\Temp\ccislSls.s:697    .rodata.F1_I5C7:00000000 $d
  C:\Temp\ccislSls.s:711    .rodata.F1_I5BB:00000000 $d
  C:\Temp\ccislSls.s:725    .rodata.F1_I5C8:00000000 $d
  C:\Temp\ccislSls.s:739    .rodata.F1_I5F6:00000000 $d
  C:\Temp\ccislSls.s:753    .rodata.F1_I5C9:00000000 $d
  C:\Temp\ccislSls.s:767    .rodata.F1_I5F8:00000000 $d
  C:\Temp\ccislSls.s:781    .rodata.F1_I5F9:00000000 $d
  C:\Temp\ccislSls.s:795    .rodata.F1_I5DA:00000000 $d
  C:\Temp\ccislSls.s:809    .rodata.F1_I5DB:00000000 $d
  C:\Temp\ccislSls.s:823    .rodata.F1_I5DC:00000000 $d
  C:\Temp\ccislSls.s:837    .rodata.F1_I5DD:00000000 $d
  C:\Temp\ccislSls.s:851    .rodata.F1_I5DE:00000000 $d
  C:\Temp\ccislSls.s:865    .rodata.F1_I5DF:00000000 $d
  C:\Temp\ccislSls.s:879    .rodata.F1_I5F1:00000000 $d
  C:\Temp\ccislSls.s:893    .rodata.F1_I5FA:00000000 $d
  C:\Temp\ccislSls.s:907    .rodata.F1_I5B8:00000000 $d
  C:\Temp\ccislSls.s:921    .rodata.F1_I5B5:00000000 $d
  C:\Temp\ccislSls.s:935    .rodata.F1_I5BC:00000000 $d
  C:\Temp\ccislSls.s:949    .rodata.F1_I5FF:00000000 $d
  C:\Temp\ccislSls.s:963    .rodata.F1_I5B7:00000000 $d
  C:\Temp\ccislSls.s:977    .rodata.F1_I5BE:00000000 $d
  C:\Temp\ccislSls.s:991    .rodata.F1_I5B9:00000000 $d
  C:\Temp\ccislSls.s:1005   .rodata.F1_I5BF:00000000 $d
  C:\Temp\ccislSls.s:1019   .rodata.F1_I5BA:00000000 $d
  C:\Temp\ccislSls.s:1033   .rodata.F1_I5AA:00000000 $d
  C:\Temp\ccislSls.s:1047   .rodata.F1_I5BD:00000000 $d
  C:\Temp\ccislSls.s:1061   .rodata.F1_I5A1:00000000 $d
  C:\Temp\ccislSls.s:1075   .rodata.F1_I5A8:00000000 $d
  C:\Temp\ccislSls.s:1089   .rodata.F1_I5A9:00000000 $d
  C:\Temp\ccislSls.s:1103   .rodata.F1_I5C0:00000000 $d
  C:\Temp\ccislSls.s:1117   .rodata.F1_I5C1:00000000 $d
  C:\Temp\ccislSls.s:1131   .rodata.F1_I5C2:00000000 $d
  C:\Temp\ccislSls.s:1145   .rodata.F1_I5C3:00000000 $d
  C:\Temp\ccislSls.s:1159   .rodata.F1_I5C4:00000000 $d
  C:\Temp\ccislSls.s:1173   .rodata.F1_I5C5:00000000 $d
  C:\Temp\ccislSls.s:1187   .rodata.F1_I5C6:00000000 $d
  C:\Temp\ccislSls.s:1201   .rodata.F1_I5E0:00000000 $d
  C:\Temp\ccislSls.s:1215   .rodata.F1_I5E1:00000000 $d
  C:\Temp\ccislSls.s:1229   .rodata.F1_I5E2:00000000 $d
  C:\Temp\ccislSls.s:1243   .rodata.F1_I5E3:00000000 $d
  C:\Temp\ccislSls.s:1257   .rodata.F1_I5E4:00000000 $d
  C:\Temp\ccislSls.s:1271   .rodata.F1_I5E5:00000000 $d
  C:\Temp\ccislSls.s:1285   .rodata.F1_I5E6:00000000 $d
  C:\Temp\ccislSls.s:1299   .rodata.F1_I5E7:00000000 $d
  C:\Temp\ccislSls.s:1313   .rodata.F1_I5E8:00000000 $d
  C:\Temp\ccislSls.s:1327   .rodata.F1_I5E9:00000000 $d
  C:\Temp\ccislSls.s:1341   .rodata.F1_I5CA:00000000 $d
  C:\Temp\ccislSls.s:1355   .rodata.F1_I5CB:00000000 $d
  C:\Temp\ccislSls.s:1369   .rodata.F1_I5CC:00000000 $d
  C:\Temp\ccislSls.s:1383   .rodata.F1_I5CD:00000000 $d
  C:\Temp\ccislSls.s:1397   .rodata.F1_I5CE:00000000 $d
  C:\Temp\ccislSls.s:1411   .rodata.F1_I5CF:00000000 $d
                           .group:00000000 wm4.1.e755308d0f97ac5a4d77c88bfa88161b
                           .group:00000000 wm4.Board.h.9.fb7d243db0e7e4c70fc5c5308962051c
                           .group:00000000 wm4.AT91SAM7A3.h.47.d520374ed0d352801eee6a21dd2220a3
                           .group:00000000 wm4.lib_AT91SAM7A3.h.43.b96965aef7b64d3c61b53421dff32f3d
                           .group:00000000 wm4.stddef.h.40.50cf36416e06376af8a9dca28536f2e4
                           .group:00000000 wm4.projdefs.h.55.cdae9ead80b5a2ac004f41bb277aad45
                           .group:00000000 wm4.FreeRTOSConfig.h.55.21a0bf6949661856eb9bd458ca526d69
                           .group:00000000 wm4.portmacro.h.78.312ea2a2591c2c784e5cb239eea0b39c
                           .group:00000000 wm4.portable.h.311.02653c2286cc0addcb8e7b32211fdde5
                           .group:00000000 wm4.mpu_wrappers.h.55.46a4a008a193040c38098e9a5f07ff9d
                           .group:00000000 wm4.FreeRTOS.h.136.ac0125896626c2d69b79b44ea315652b
                           .group:00000000 wm4.list.h.90.ffdb657f66139f74e2982d5a33457923
                           .group:00000000 wm4.task.h.75.6c9adf28cb16a37dd5593a2f9c33f128
                           .group:00000000 wm4.queue.h.62.c626e69c2c492f5b1e4920732a8be821
                           .group:00000000 wm4.semphr.h.65.030ef7caa4665b46960b9de8a1cccba7
                           .group:00000000 wm4.Board.h.1257.275975018c8e952526c2554b98141b95
                           .group:00000000 wm4.Board.h.1481.126b635f2c4daf829686312d1e66f9ec

UNDEFINED SYMBOLS
F1_FILL
F1_ENT
F1_DEG
F1_RDS
F1_CLK
F1_POINT
F1_I120
F1_I121
F1_I122
F1_I123
F1_I124
F1_I125
F1_I126
F1_I127
F1_I128
F1_I129
F1_I12A
F1_I12B
F1_I12C
F1_I12D
F1_I12E
F1_I12F
F1_I130
F1_I131
F1_I132
F1_I133
F1_I134
F1_I135
F1_I136
F1_I137
F1_I138
F1_I139
F1_I13A
F1_I13B
F1_I13C
F1_I13D
F1_I13E
F1_I13F
F1_I140
F1_I141
F1_I142
F1_I143
F1_I144
F1_I145
F1_I146
F1_I147
F1_I148
F1_I149
F1_I14A
F1_I14B
F1_I14C
F1_I14D
F1_I14E
F1_I14F
F1_I150
F1_I151
F1_I152
F1_I153
F1_I154
F1_I155
F1_I156
F1_I157
F1_I158
F1_I159
F1_I15A
F1_I15B
F1_I15C
F1_I15D
F1_I15E
F1_I15F
F1_I160
F1_I161
F1_I162
F1_I163
F1_I164
F1_I165
F1_I166
F1_I167
F1_I168
F1_I169
F1_I16A
F1_I16B
F1_I16C
F1_I16D
F1_I16E
F1_I16F
F1_I170
F1_I171
F1_I172
F1_I173
F1_I174
F1_I175
F1_I176
F1_I177
F1_I178
F1_I179
F1_I17A
F1_I17B
F1_I17C
F1_I17D
F1_I17E
