   1              		.cpu arm7tdmi
   2              		.fpu softvfp
   3              		.eabi_attribute 20, 1
   4              		.eabi_attribute 21, 1
   5              		.eabi_attribute 23, 3
   6              		.eabi_attribute 24, 1
   7              		.eabi_attribute 25, 1
   8              		.eabi_attribute 26, 1
   9              		.eabi_attribute 30, 1
  10              		.eabi_attribute 34, 0
  11              		.eabi_attribute 18, 4
  12              		.code	16
  13              		.file	"bm_f1eur.c"
  14              		.text
  15              	.Ltext0:
  16              		.cfi_sections	.debug_frame
  17              		.global	fnt1_EUR
  18              		.global	F1_I1FF
  19              		.global	F1_I1FE
  20              		.global	F1_I1FD
  21              		.global	F1_I1FC
  22              		.global	F1_I1FB
  23              		.global	F1_I1FA
  24              		.global	F1_I1F9
  25              		.global	F1_I1F8
  26              		.global	F1_I1F7
  27              		.global	F1_I1F6
  28              		.global	F1_I1F5
  29              		.global	F1_I1F4
  30              		.global	F1_I1F3
  31              		.global	F1_I1F2
  32              		.global	F1_I1F1
  33              		.global	F1_I1F0
  34              		.global	F1_I1EF
  35              		.global	F1_I1EE
  36              		.global	F1_I1ED
  37              		.global	F1_I1EC
  38              		.global	F1_I1EB
  39              		.global	F1_I1EA
  40              		.global	F1_I1E9
  41              		.global	F1_I1E8
  42              		.global	F1_I1E7
  43              		.global	F1_I1E6
  44              		.global	F1_I1E5
  45              		.global	F1_I1E4
  46              		.global	F1_I1E3
  47              		.global	F1_I1E2
  48              		.global	F1_I1E1
  49              		.global	F1_I1E0
  50              		.global	F1_I1DF
  51              		.global	F1_I1DE
  52              		.global	F1_I1DD
  53              		.global	F1_I1DC
  54              		.global	F1_I1DB
  55              		.global	F1_I1DA
  56              		.global	F1_I1D9
  57              		.global	F1_I1D8
  58              		.global	F1_I1D7
  59              		.global	F1_I1D6
  60              		.global	F1_I1D5
  61              		.global	F1_I1D4
  62              		.global	F1_I1D3
  63              		.global	F1_I1D2
  64              		.global	F1_I1D1
  65              		.global	F1_I1D0
  66              		.global	F1_I1CF
  67              		.global	F1_I1CE
  68              		.global	F1_I1CD
  69              		.global	F1_I1CC
  70              		.global	F1_I1CB
  71              		.global	F1_I1CA
  72              		.global	F1_I1C9
  73              		.global	F1_I1C8
  74              		.global	F1_I1C7
  75              		.global	F1_I1C6
  76              		.global	F1_I1C5
  77              		.global	F1_I1C4
  78              		.global	F1_I1C3
  79              		.global	F1_I1C2
  80              		.global	F1_I1C1
  81              		.global	F1_I1C0
  82              		.global	F1_I1BF
  83              		.global	F1_I1BE
  84              		.global	F1_I1BD
  85              		.global	F1_I1BC
  86              		.global	F1_I1BB
  87              		.global	F1_I1BA
  88              		.global	F1_I1B9
  89              		.global	F1_I1B8
  90              		.global	F1_I1B7
  91              		.global	F1_I1B6
  92              		.global	F1_I1B5
  93              		.global	F1_I1B4
  94              		.global	F1_I1B3
  95              		.global	F1_I1B2
  96              		.global	F1_I1B1
  97              		.global	F1_I1B0
  98              		.global	F1_I1AF
  99              		.global	F1_I1AE
 100              		.global	F1_I1AD
 101              		.global	F1_I1AC
 102              		.global	F1_I1AB
 103              		.global	F1_I1AA
 104              		.global	F1_I1A9
 105              		.global	F1_I1A8
 106              		.global	F1_I1A7
 107              		.global	F1_I1A6
 108              		.global	F1_I1A5
 109              		.global	F1_I1A4
 110              		.global	F1_I1A3
 111              		.global	F1_I1A2
 112              		.global	F1_I1A1
 113              		.comm	POWERtaskhandle,4,4
 114              		.comm	TWItaskhandle,4,4
 115              		.comm	SetTime,4,4
 116              		.section	.rodata.F1_I1D5,"a",%progbits
 117              		.align	2
 120              	F1_I1D5:
 121 0000 05       		.byte	5
 122 0001 07       		.byte	7
 123 0002 68       		.byte	104
 124 0003 90       		.byte	-112
 125 0004 70       		.byte	112
 126 0005 88       		.byte	-120
 127 0006 88       		.byte	-120
 128 0007 88       		.byte	-120
 129 0008 70       		.byte	112
 130 0009 000000   		.section	.rodata.F1_I1D6,"a",%progbits
 131              		.align	2
 134              	F1_I1D6:
 135 0000 05       		.byte	5
 136 0001 07       		.byte	7
 137 0002 50       		.byte	80
 138 0003 00       		.byte	0
 139 0004 70       		.byte	112
 140 0005 88       		.byte	-120
 141 0006 88       		.byte	-120
 142 0007 88       		.byte	-120
 143 0008 70       		.byte	112
 144 0009 000000   		.section	.rodata.F1_I1D7,"a",%progbits
 145              		.align	2
 148              	F1_I1D7:
 149 0000 05       		.byte	5
 150 0001 07       		.byte	7
 151 0002 00       		.byte	0
 152 0003 88       		.byte	-120
 153 0004 50       		.byte	80
 154 0005 20       		.byte	32
 155 0006 50       		.byte	80
 156 0007 88       		.byte	-120
 157 0008 00       		.byte	0
 158 0009 000000   		.section	.rodata.F1_I1D8,"a",%progbits
 159              		.align	2
 162              	F1_I1D8:
 163 0000 05       		.byte	5
 164 0001 07       		.byte	7
 165 0002 70       		.byte	112
 166 0003 88       		.byte	-120
 167 0004 98       		.byte	-104
 168 0005 A8       		.byte	-88
 169 0006 C8       		.byte	-56
 170 0007 88       		.byte	-120
 171 0008 70       		.byte	112
 172 0009 000000   		.section	.rodata.F1_I1F2,"a",%progbits
 173              		.align	2
 176              	F1_I1F2:
 177 0000 05       		.byte	5
 178 0001 07       		.byte	7
 179 0002 20       		.byte	32
 180 0003 10       		.byte	16
 181 0004 00       		.byte	0
 182 0005 70       		.byte	112
 183 0006 88       		.byte	-120
 184 0007 88       		.byte	-120
 185 0008 70       		.byte	112
 186 0009 000000   		.section	.rodata.F1_I1F3,"a",%progbits
 187              		.align	2
 190              	F1_I1F3:
 191 0000 05       		.byte	5
 192 0001 07       		.byte	7
 193 0002 20       		.byte	32
 194 0003 40       		.byte	64
 195 0004 00       		.byte	0
 196 0005 70       		.byte	112
 197 0006 88       		.byte	-120
 198 0007 88       		.byte	-120
 199 0008 70       		.byte	112
 200 0009 000000   		.section	.rodata.F1_I1F4,"a",%progbits
 201              		.align	2
 204              	F1_I1F4:
 205 0000 05       		.byte	5
 206 0001 07       		.byte	7
 207 0002 20       		.byte	32
 208 0003 50       		.byte	80
 209 0004 00       		.byte	0
 210 0005 70       		.byte	112
 211 0006 88       		.byte	-120
 212 0007 88       		.byte	-120
 213 0008 70       		.byte	112
 214 0009 000000   		.section	.rodata.F1_I1F5,"a",%progbits
 215              		.align	2
 218              	F1_I1F5:
 219 0000 05       		.byte	5
 220 0001 07       		.byte	7
 221 0002 68       		.byte	104
 222 0003 90       		.byte	-112
 223 0004 00       		.byte	0
 224 0005 70       		.byte	112
 225 0006 88       		.byte	-120
 226 0007 88       		.byte	-120
 227 0008 70       		.byte	112
 228 0009 000000   		.section	.rodata.F1_I1F6,"a",%progbits
 229              		.align	2
 232              	F1_I1F6:
 233 0000 05       		.byte	5
 234 0001 07       		.byte	7
 235 0002 00       		.byte	0
 236 0003 50       		.byte	80
 237 0004 00       		.byte	0
 238 0005 70       		.byte	112
 239 0006 88       		.byte	-120
 240 0007 88       		.byte	-120
 241 0008 70       		.byte	112
 242 0009 000000   		.section	.rodata.F1_I1F7,"a",%progbits
 243              		.align	2
 246              	F1_I1F7:
 247 0000 05       		.byte	5
 248 0001 07       		.byte	7
 249 0002 00       		.byte	0
 250 0003 20       		.byte	32
 251 0004 00       		.byte	0
 252 0005 F8       		.byte	-8
 253 0006 00       		.byte	0
 254 0007 20       		.byte	32
 255 0008 00       		.byte	0
 256 0009 000000   		.section	.rodata.F1_I1F8,"a",%progbits
 257              		.align	2
 260              	F1_I1F8:
 261 0000 05       		.byte	5
 262 0001 07       		.byte	7
 263 0002 08       		.byte	8
 264 0003 70       		.byte	112
 265 0004 98       		.byte	-104
 266 0005 A8       		.byte	-88
 267 0006 C8       		.byte	-56
 268 0007 70       		.byte	112
 269 0008 80       		.byte	-128
 270 0009 000000   		.section	.rodata.F1_I1F9,"a",%progbits
 271              		.align	2
 274              	F1_I1F9:
 275 0000 05       		.byte	5
 276 0001 07       		.byte	7
 277 0002 00       		.byte	0
 278 0003 40       		.byte	64
 279 0004 20       		.byte	32
 280 0005 88       		.byte	-120
 281 0006 88       		.byte	-120
 282 0007 88       		.byte	-120
 283 0008 70       		.byte	112
 284 0009 000000   		.section	.rodata.F1_I1DA,"a",%progbits
 285              		.align	2
 288              	F1_I1DA:
 289 0000 05       		.byte	5
 290 0001 07       		.byte	7
 291 0002 10       		.byte	16
 292 0003 20       		.byte	32
 293 0004 88       		.byte	-120
 294 0005 88       		.byte	-120
 295 0006 88       		.byte	-120
 296 0007 88       		.byte	-120
 297 0008 70       		.byte	112
 298 0009 000000   		.section	.rodata.F1_I1DB,"a",%progbits
 299              		.align	2
 302              	F1_I1DB:
 303 0000 05       		.byte	5
 304 0001 07       		.byte	7
 305 0002 20       		.byte	32
 306 0003 50       		.byte	80
 307 0004 00       		.byte	0
 308 0005 88       		.byte	-120
 309 0006 88       		.byte	-120
 310 0007 88       		.byte	-120
 311 0008 70       		.byte	112
 312 0009 000000   		.section	.rodata.F1_I1DC,"a",%progbits
 313              		.align	2
 316              	F1_I1DC:
 317 0000 05       		.byte	5
 318 0001 07       		.byte	7
 319 0002 50       		.byte	80
 320 0003 00       		.byte	0
 321 0004 88       		.byte	-120
 322 0005 88       		.byte	-120
 323 0006 88       		.byte	-120
 324 0007 88       		.byte	-120
 325 0008 70       		.byte	112
 326 0009 000000   		.section	.rodata.F1_I1DD,"a",%progbits
 327              		.align	2
 330              	F1_I1DD:
 331 0000 05       		.byte	5
 332 0001 07       		.byte	7
 333 0002 10       		.byte	16
 334 0003 20       		.byte	32
 335 0004 88       		.byte	-120
 336 0005 88       		.byte	-120
 337 0006 50       		.byte	80
 338 0007 20       		.byte	32
 339 0008 20       		.byte	32
 340 0009 000000   		.section	.rodata.F1_I1DE,"a",%progbits
 341              		.align	2
 344              	F1_I1DE:
 345 0000 05       		.byte	5
 346 0001 07       		.byte	7
 347 0002 80       		.byte	-128
 348 0003 F0       		.byte	-16
 349 0004 88       		.byte	-120
 350 0005 88       		.byte	-120
 351 0006 88       		.byte	-120
 352 0007 F0       		.byte	-16
 353 0008 80       		.byte	-128
 354 0009 000000   		.section	.rodata.F1_I1DF,"a",%progbits
 355              		.align	2
 358              	F1_I1DF:
 359 0000 05       		.byte	5
 360 0001 07       		.byte	7
 361 0002 70       		.byte	112
 362 0003 88       		.byte	-120
 363 0004 F0       		.byte	-16
 364 0005 88       		.byte	-120
 365 0006 F0       		.byte	-16
 366 0007 80       		.byte	-128
 367 0008 80       		.byte	-128
 368 0009 000000   		.section	.rodata.F1_I1FA,"a",%progbits
 369              		.align	2
 372              	F1_I1FA:
 373 0000 05       		.byte	5
 374 0001 07       		.byte	7
 375 0002 00       		.byte	0
 376 0003 10       		.byte	16
 377 0004 20       		.byte	32
 378 0005 88       		.byte	-120
 379 0006 88       		.byte	-120
 380 0007 88       		.byte	-120
 381 0008 70       		.byte	112
 382 0009 000000   		.section	.rodata.F1_I1FB,"a",%progbits
 383              		.align	2
 386              	F1_I1FB:
 387 0000 05       		.byte	5
 388 0001 07       		.byte	7
 389 0002 00       		.byte	0
 390 0003 20       		.byte	32
 391 0004 50       		.byte	80
 392 0005 00       		.byte	0
 393 0006 88       		.byte	-120
 394 0007 88       		.byte	-120
 395 0008 70       		.byte	112
 396 0009 000000   		.section	.rodata.F1_I1FC,"a",%progbits
 397              		.align	2
 400              	F1_I1FC:
 401 0000 05       		.byte	5
 402 0001 07       		.byte	7
 403 0002 00       		.byte	0
 404 0003 50       		.byte	80
 405 0004 00       		.byte	0
 406 0005 88       		.byte	-120
 407 0006 88       		.byte	-120
 408 0007 88       		.byte	-120
 409 0008 70       		.byte	112
 410 0009 000000   		.section	.rodata.F1_I1FD,"a",%progbits
 411              		.align	2
 414              	F1_I1FD:
 415 0000 05       		.byte	5
 416 0001 07       		.byte	7
 417 0002 10       		.byte	16
 418 0003 20       		.byte	32
 419 0004 88       		.byte	-120
 420 0005 98       		.byte	-104
 421 0006 68       		.byte	104
 422 0007 08       		.byte	8
 423 0008 70       		.byte	112
 424 0009 000000   		.section	.rodata.F1_I1FE,"a",%progbits
 425              		.align	2
 428              	F1_I1FE:
 429 0000 05       		.byte	5
 430 0001 07       		.byte	7
 431 0002 80       		.byte	-128
 432 0003 80       		.byte	-128
 433 0004 E0       		.byte	-32
 434 0005 90       		.byte	-112
 435 0006 90       		.byte	-112
 436 0007 E0       		.byte	-32
 437 0008 80       		.byte	-128
 438 0009 000000   		.section	.rodata.F1_I1FF,"a",%progbits
 439              		.align	2
 442              	F1_I1FF:
 443 0000 05       		.byte	5
 444 0001 07       		.byte	7
 445 0002 50       		.byte	80
 446 0003 00       		.byte	0
 447 0004 88       		.byte	-120
 448 0005 98       		.byte	-104
 449 0006 68       		.byte	104
 450 0007 08       		.byte	8
 451 0008 70       		.byte	112
 452 0009 000000   		.section	.rodata.F1_I1A3,"a",%progbits
 453              		.align	2
 456              	F1_I1A3:
 457 0000 05       		.byte	5
 458 0001 07       		.byte	7
 459 0002 30       		.byte	48
 460 0003 48       		.byte	72
 461 0004 40       		.byte	64
 462 0005 E0       		.byte	-32
 463 0006 40       		.byte	64
 464 0007 E8       		.byte	-24
 465 0008 D0       		.byte	-48
 466 0009 000000   		.section	.rodata.F1_I1AA,"a",%progbits
 467              		.align	2
 470              	F1_I1AA:
 471 0000 05       		.byte	5
 472 0001 07       		.byte	7
 473 0002 70       		.byte	112
 474 0003 08       		.byte	8
 475 0004 78       		.byte	120
 476 0005 88       		.byte	-120
 477 0006 78       		.byte	120
 478 0007 00       		.byte	0
 479 0008 F8       		.byte	-8
 480 0009 000000   		.section	.rodata.F1_I1B1,"a",%progbits
 481              		.align	2
 484              	F1_I1B1:
 485 0000 05       		.byte	5
 486 0001 07       		.byte	7
 487 0002 20       		.byte	32
 488 0003 20       		.byte	32
 489 0004 F8       		.byte	-8
 490 0005 20       		.byte	32
 491 0006 20       		.byte	32
 492 0007 00       		.byte	0
 493 0008 F8       		.byte	-8
 494 0009 000000   		.section	.rodata.F1_I1A6,"a",%progbits
 495              		.align	2
 498              	F1_I1A6:
 499 0000 05       		.byte	5
 500 0001 07       		.byte	7
 501 0002 20       		.byte	32
 502 0003 20       		.byte	32
 503 0004 20       		.byte	32
 504 0005 00       		.byte	0
 505 0006 20       		.byte	32
 506 0007 20       		.byte	32
 507 0008 20       		.byte	32
 508 0009 000000   		.section	.rodata.F1_I1AD,"a",%progbits
 509              		.align	2
 512              	F1_I1AD:
 513 0000 05       		.byte	5
 514 0001 07       		.byte	7
 515 0002 00       		.byte	0
 516 0003 00       		.byte	0
 517 0004 00       		.byte	0
 518 0005 F8       		.byte	-8
 519 0006 00       		.byte	0
 520 0007 00       		.byte	0
 521 0008 00       		.byte	0
 522 0009 000000   		.section	.rodata.F1_I1AB,"a",%progbits
 523              		.align	2
 526              	F1_I1AB:
 527 0000 05       		.byte	5
 528 0001 07       		.byte	7
 529 0002 00       		.byte	0
 530 0003 28       		.byte	40
 531 0004 50       		.byte	80
 532 0005 A0       		.byte	-96
 533 0006 50       		.byte	80
 534 0007 28       		.byte	40
 535 0008 00       		.byte	0
 536 0009 000000   		.section	.rodata.F1_I1AF,"a",%progbits
 537              		.align	2
 540              	F1_I1AF:
 541 0000 05       		.byte	5
 542 0001 07       		.byte	7
 543 0002 F8       		.byte	-8
 544 0003 00       		.byte	0
 545 0004 00       		.byte	0
 546 0005 00       		.byte	0
 547 0006 00       		.byte	0
 548 0007 00       		.byte	0
 549 0008 00       		.byte	0
 550 0009 000000   		.section	.rodata.F1_I1C7,"a",%progbits
 551              		.align	2
 554              	F1_I1C7:
 555 0000 05       		.byte	5
 556 0001 08       		.byte	8
 557 0002 70       		.byte	112
 558 0003 88       		.byte	-120
 559 0004 80       		.byte	-128
 560 0005 80       		.byte	-128
 561 0006 88       		.byte	-120
 562 0007 70       		.byte	112
 563 0008 20       		.byte	32
 564 0009 60       		.byte	96
 565 000a 0000     		.section	.rodata.F1_I1AE,"a",%progbits
 566              		.align	2
 569              	F1_I1AE:
 570 0000 07       		.byte	7
 571 0001 08       		.byte	8
 572 0002 7C       		.byte	124
 573 0003 82       		.byte	-126
 574 0004 BA       		.byte	-70
 575 0005 AA       		.byte	-86
 576 0006 B2       		.byte	-78
 577 0007 AA       		.byte	-86
 578 0008 82       		.byte	-126
 579 0009 7C       		.byte	124
 580 000a 0000     		.section	.rodata.F1_I1B5,"a",%progbits
 581              		.align	2
 584              	F1_I1B5:
 585 0000 05       		.byte	5
 586 0001 07       		.byte	7
 587 0002 00       		.byte	0
 588 0003 00       		.byte	0
 589 0004 50       		.byte	80
 590 0005 50       		.byte	80
 591 0006 50       		.byte	80
 592 0007 70       		.byte	112
 593 0008 48       		.byte	72
 594 0009 000000   		.section	.rodata.F1_I1B6,"a",%progbits
 595              		.align	2
 598              	F1_I1B6:
 599 0000 05       		.byte	5
 600 0001 07       		.byte	7
 601 0002 78       		.byte	120
 602 0003 A8       		.byte	-88
 603 0004 A8       		.byte	-88
 604 0005 68       		.byte	104
 605 0006 28       		.byte	40
 606 0007 28       		.byte	40
 607 0008 28       		.byte	40
 608 0009 000000   		.section	.rodata.F1_I1B4,"a",%progbits
 609              		.align	2
 612              	F1_I1B4:
 613 0000 03       		.byte	3
 614 0001 07       		.byte	7
 615 0002 20       		.byte	32
 616 0003 40       		.byte	64
 617 0004 00       		.byte	0
 618 0005 00       		.byte	0
 619 0006 00       		.byte	0
 620 0007 00       		.byte	0
 621 0008 00       		.byte	0
 622 0009 000000   		.section	.rodata.F1_I1B7,"a",%progbits
 623              		.align	2
 626              	F1_I1B7:
 627 0000 04       		.byte	4
 628 0001 07       		.byte	7
 629 0002 00       		.byte	0
 630 0003 00       		.byte	0
 631 0004 00       		.byte	0
 632 0005 60       		.byte	96
 633 0006 60       		.byte	96
 634 0007 00       		.byte	0
 635 0008 00       		.byte	0
 636 0009 000000   		.section	.rodata.F1_I1B8,"a",%progbits
 637              		.align	2
 640              	F1_I1B8:
 641 0000 04       		.byte	4
 642 0001 07       		.byte	7
 643 0002 00       		.byte	0
 644 0003 00       		.byte	0
 645 0004 00       		.byte	0
 646 0005 40       		.byte	64
 647 0006 60       		.byte	96
 648 0007 10       		.byte	16
 649 0008 60       		.byte	96
 650 0009 000000   		.section	.rodata.F1_I1C5,"a",%progbits
 651              		.align	2
 654              	F1_I1C5:
 655 0000 05       		.byte	5
 656 0001 08       		.byte	8
 657 0002 20       		.byte	32
 658 0003 50       		.byte	80
 659 0004 20       		.byte	32
 660 0005 20       		.byte	32
 661 0006 50       		.byte	80
 662 0007 88       		.byte	-120
 663 0008 F8       		.byte	-8
 664 0009 88       		.byte	-120
 665 000a 0000     		.section	.rodata.F1_I1B9,"a",%progbits
 666              		.align	2
 669              	F1_I1B9:
 670 0000 03       		.byte	3
 671 0001 07       		.byte	7
 672 0002 20       		.byte	32
 673 0003 60       		.byte	96
 674 0004 20       		.byte	32
 675 0005 20       		.byte	32
 676 0006 20       		.byte	32
 677 0007 00       		.byte	0
 678 0008 00       		.byte	0
 679 0009 000000   		.section	.rodata.F1_I1AC,"a",%progbits
 680              		.align	2
 683              	F1_I1AC:
 684 0000 05       		.byte	5
 685 0001 07       		.byte	7
 686 0002 00       		.byte	0
 687 0003 00       		.byte	0
 688 0004 00       		.byte	0
 689 0005 F8       		.byte	-8
 690 0006 08       		.byte	8
 691 0007 08       		.byte	8
 692 0008 00       		.byte	0
 693 0009 000000   		.section	.rodata.F1_I1BC,"a",%progbits
 694              		.align	2
 697              	F1_I1BC:
 698 0000 05       		.byte	5
 699 0001 07       		.byte	7
 700 0002 C8       		.byte	-56
 701 0003 50       		.byte	80
 702 0004 F0       		.byte	-16
 703 0005 30       		.byte	48
 704 0006 50       		.byte	80
 705 0007 F8       		.byte	-8
 706 0008 10       		.byte	16
 707 0009 000000   		.section	.rodata.F1_I1A1,"a",%progbits
 708              		.align	2
 711              	F1_I1A1:
 712 0000 05       		.byte	5
 713 0001 07       		.byte	7
 714 0002 20       		.byte	32
 715 0003 00       		.byte	0
 716 0004 00       		.byte	0
 717 0005 20       		.byte	32
 718 0006 20       		.byte	32
 719 0007 20       		.byte	32
 720 0008 20       		.byte	32
 721 0009 000000   		.section	.rodata.F1_I1BE,"a",%progbits
 722              		.align	2
 725              	F1_I1BE:
 726 0000 05       		.byte	5
 727 0001 07       		.byte	7
 728 0002 C8       		.byte	-56
 729 0003 50       		.byte	80
 730 0004 F0       		.byte	-16
 731 0005 70       		.byte	112
 732 0006 D0       		.byte	-48
 733 0007 78       		.byte	120
 734 0008 90       		.byte	-112
 735 0009 000000   		.section	.rodata.F1_I1C8,"a",%progbits
 736              		.align	2
 739              	F1_I1C8:
 740 0000 05       		.byte	5
 741 0001 07       		.byte	7
 742 0002 20       		.byte	32
 743 0003 10       		.byte	16
 744 0004 F8       		.byte	-8
 745 0005 80       		.byte	-128
 746 0006 F0       		.byte	-16
 747 0007 80       		.byte	-128
 748 0008 F8       		.byte	-8
 749 0009 000000   		.section	.rodata.F1_I1A4,"a",%progbits
 750              		.align	2
 753              	F1_I1A4:
 754 0000 05       		.byte	5
 755 0001 07       		.byte	7
 756 0002 00       		.byte	0
 757 0003 88       		.byte	-120
 758 0004 70       		.byte	112
 759 0005 50       		.byte	80
 760 0006 70       		.byte	112
 761 0007 88       		.byte	-120
 762 0008 00       		.byte	0
 763 0009 000000   		.section	.rodata.F1_I1C9,"a",%progbits
 764              		.align	2
 767              	F1_I1C9:
 768 0000 05       		.byte	5
 769 0001 07       		.byte	7
 770 0002 20       		.byte	32
 771 0003 40       		.byte	64
 772 0004 F8       		.byte	-8
 773 0005 80       		.byte	-128
 774 0006 F0       		.byte	-16
 775 0007 80       		.byte	-128
 776 0008 F8       		.byte	-8
 777 0009 000000   		.section	.rodata.F1_I1BD,"a",%progbits
 778              		.align	2
 781              	F1_I1BD:
 782 0000 05       		.byte	5
 783 0001 07       		.byte	7
 784 0002 C0       		.byte	-64
 785 0003 48       		.byte	72
 786 0004 F0       		.byte	-16
 787 0005 38       		.byte	56
 788 0006 48       		.byte	72
 789 0007 90       		.byte	-112
 790 0008 38       		.byte	56
 791 0009 000000   		.section	.rodata.F1_I1C0,"a",%progbits
 792              		.align	2
 795              	F1_I1C0:
 796 0000 05       		.byte	5
 797 0001 07       		.byte	7
 798 0002 20       		.byte	32
 799 0003 10       		.byte	16
 800 0004 28       		.byte	40
 801 0005 50       		.byte	80
 802 0006 88       		.byte	-120
 803 0007 F8       		.byte	-8
 804 0008 88       		.byte	-120
 805 0009 000000   		.section	.rodata.F1_I1C1,"a",%progbits
 806              		.align	2
 809              	F1_I1C1:
 810 0000 05       		.byte	5
 811 0001 07       		.byte	7
 812 0002 20       		.byte	32
 813 0003 40       		.byte	64
 814 0004 A0       		.byte	-96
 815 0005 50       		.byte	80
 816 0006 88       		.byte	-120
 817 0007 F8       		.byte	-8
 818 0008 88       		.byte	-120
 819 0009 000000   		.section	.rodata.F1_I1C2,"a",%progbits
 820              		.align	2
 823              	F1_I1C2:
 824 0000 05       		.byte	5
 825 0001 07       		.byte	7
 826 0002 70       		.byte	112
 827 0003 88       		.byte	-120
 828 0004 20       		.byte	32
 829 0005 50       		.byte	80
 830 0006 88       		.byte	-120
 831 0007 F8       		.byte	-8
 832 0008 88       		.byte	-120
 833 0009 000000   		.section	.rodata.F1_I1C3,"a",%progbits
 834              		.align	2
 837              	F1_I1C3:
 838 0000 05       		.byte	5
 839 0001 07       		.byte	7
 840 0002 68       		.byte	104
 841 0003 90       		.byte	-112
 842 0004 20       		.byte	32
 843 0005 50       		.byte	80
 844 0006 88       		.byte	-120
 845 0007 F8       		.byte	-8
 846 0008 88       		.byte	-120
 847 0009 000000   		.section	.rodata.F1_I1C4,"a",%progbits
 848              		.align	2
 851              	F1_I1C4:
 852 0000 05       		.byte	5
 853 0001 07       		.byte	7
 854 0002 50       		.byte	80
 855 0003 00       		.byte	0
 856 0004 20       		.byte	32
 857 0005 50       		.byte	80
 858 0006 88       		.byte	-120
 859 0007 F8       		.byte	-8
 860 0008 88       		.byte	-120
 861 0009 000000   		.section	.rodata.F1_I1F0,"a",%progbits
 862              		.align	2
 865              	F1_I1F0:
 866 0000 05       		.byte	5
 867 0001 07       		.byte	7
 868 0002 68       		.byte	104
 869 0003 10       		.byte	16
 870 0004 28       		.byte	40
 871 0005 08       		.byte	8
 872 0006 78       		.byte	120
 873 0007 88       		.byte	-120
 874 0008 70       		.byte	112
 875 0009 000000   		.section	.rodata.F1_I1C6,"a",%progbits
 876              		.align	2
 879              	F1_I1C6:
 880 0000 05       		.byte	5
 881 0001 07       		.byte	7
 882 0002 78       		.byte	120
 883 0003 A0       		.byte	-96
 884 0004 A0       		.byte	-96
 885 0005 B0       		.byte	-80
 886 0006 E0       		.byte	-32
 887 0007 A0       		.byte	-96
 888 0008 B8       		.byte	-72
 889 0009 000000   		.section	.rodata.F1_I1E0,"a",%progbits
 890              		.align	2
 893              	F1_I1E0:
 894 0000 05       		.byte	5
 895 0001 07       		.byte	7
 896 0002 20       		.byte	32
 897 0003 10       		.byte	16
 898 0004 70       		.byte	112
 899 0005 08       		.byte	8
 900 0006 78       		.byte	120
 901 0007 88       		.byte	-120
 902 0008 F8       		.byte	-8
 903 0009 000000   		.section	.rodata.F1_I1E1,"a",%progbits
 904              		.align	2
 907              	F1_I1E1:
 908 0000 05       		.byte	5
 909 0001 07       		.byte	7
 910 0002 10       		.byte	16
 911 0003 20       		.byte	32
 912 0004 70       		.byte	112
 913 0005 08       		.byte	8
 914 0006 78       		.byte	120
 915 0007 88       		.byte	-120
 916 0008 F8       		.byte	-8
 917 0009 000000   		.section	.rodata.F1_I1E2,"a",%progbits
 918              		.align	2
 921              	F1_I1E2:
 922 0000 05       		.byte	5
 923 0001 07       		.byte	7
 924 0002 20       		.byte	32
 925 0003 50       		.byte	80
 926 0004 70       		.byte	112
 927 0005 08       		.byte	8
 928 0006 78       		.byte	120
 929 0007 88       		.byte	-120
 930 0008 F8       		.byte	-8
 931 0009 000000   		.section	.rodata.F1_I1E3,"a",%progbits
 932              		.align	2
 935              	F1_I1E3:
 936 0000 05       		.byte	5
 937 0001 07       		.byte	7
 938 0002 68       		.byte	104
 939 0003 90       		.byte	-112
 940 0004 70       		.byte	112
 941 0005 08       		.byte	8
 942 0006 78       		.byte	120
 943 0007 88       		.byte	-120
 944 0008 F8       		.byte	-8
 945 0009 000000   		.section	.rodata.F1_I1E4,"a",%progbits
 946              		.align	2
 949              	F1_I1E4:
 950 0000 05       		.byte	5
 951 0001 07       		.byte	7
 952 0002 50       		.byte	80
 953 0003 00       		.byte	0
 954 0004 70       		.byte	112
 955 0005 08       		.byte	8
 956 0006 78       		.byte	120
 957 0007 88       		.byte	-120
 958 0008 F8       		.byte	-8
 959 0009 000000   		.section	.rodata.F1_I1E5,"a",%progbits
 960              		.align	2
 963              	F1_I1E5:
 964 0000 05       		.byte	5
 965 0001 08       		.byte	8
 966 0002 20       		.byte	32
 967 0003 50       		.byte	80
 968 0004 20       		.byte	32
 969 0005 70       		.byte	112
 970 0006 08       		.byte	8
 971 0007 78       		.byte	120
 972 0008 88       		.byte	-120
 973 0009 78       		.byte	120
 974 000a 0000     		.section	.rodata.F1_I1E6,"a",%progbits
 975              		.align	2
 978              	F1_I1E6:
 979 0000 05       		.byte	5
 980 0001 07       		.byte	7
 981 0002 00       		.byte	0
 982 0003 00       		.byte	0
 983 0004 F0       		.byte	-16
 984 0005 28       		.byte	40
 985 0006 78       		.byte	120
 986 0007 A0       		.byte	-96
 987 0008 78       		.byte	120
 988 0009 000000   		.section	.rodata.F1_I1E7,"a",%progbits
 989              		.align	2
 992              	F1_I1E7:
 993 0000 05       		.byte	5
 994 0001 08       		.byte	8
 995 0002 00       		.byte	0
 996 0003 70       		.byte	112
 997 0004 88       		.byte	-120
 998 0005 80       		.byte	-128
 999 0006 88       		.byte	-120
 1000 0007 70       		.byte	112
 1001 0008 20       		.byte	32
 1002 0009 60       		.byte	96
 1003 000a 0000     		.section	.rodata.F1_I1E8,"a",%progbits
 1004              		.align	2
 1007              	F1_I1E8:
 1008 0000 05       		.byte	5
 1009 0001 07       		.byte	7
 1010 0002 20       		.byte	32
 1011 0003 10       		.byte	16
 1012 0004 70       		.byte	112
 1013 0005 88       		.byte	-120
 1014 0006 F8       		.byte	-8
 1015 0007 80       		.byte	-128
 1016 0008 70       		.byte	112
 1017 0009 000000   		.section	.rodata.F1_I1E9,"a",%progbits
 1018              		.align	2
 1021              	F1_I1E9:
 1022 0000 05       		.byte	5
 1023 0001 07       		.byte	7
 1024 0002 20       		.byte	32
 1025 0003 40       		.byte	64
 1026 0004 70       		.byte	112
 1027 0005 88       		.byte	-120
 1028 0006 F8       		.byte	-8
 1029 0007 80       		.byte	-128
 1030 0008 70       		.byte	112
 1031 0009 000000   		.section	.rodata.F1_I1CA,"a",%progbits
 1032              		.align	2
 1035              	F1_I1CA:
 1036 0000 05       		.byte	5
 1037 0001 07       		.byte	7
 1038 0002 20       		.byte	32
 1039 0003 50       		.byte	80
 1040 0004 F8       		.byte	-8
 1041 0005 80       		.byte	-128
 1042 0006 F0       		.byte	-16
 1043 0007 80       		.byte	-128
 1044 0008 F8       		.byte	-8
 1045 0009 000000   		.section	.rodata.F1_I1CB,"a",%progbits
 1046              		.align	2
 1049              	F1_I1CB:
 1050 0000 05       		.byte	5
 1051 0001 07       		.byte	7
 1052 0002 50       		.byte	80
 1053 0003 00       		.byte	0
 1054 0004 F8       		.byte	-8
 1055 0005 80       		.byte	-128
 1056 0006 F0       		.byte	-16
 1057 0007 80       		.byte	-128
 1058 0008 F8       		.byte	-8
 1059 0009 000000   		.section	.rodata.F1_I1CC,"a",%progbits
 1060              		.align	2
 1063              	F1_I1CC:
 1064 0000 05       		.byte	5
 1065 0001 07       		.byte	7
 1066 0002 20       		.byte	32
 1067 0003 10       		.byte	16
 1068 0004 70       		.byte	112
 1069 0005 20       		.byte	32
 1070 0006 20       		.byte	32
 1071 0007 20       		.byte	32
 1072 0008 70       		.byte	112
 1073 0009 000000   		.section	.rodata.F1_I1CD,"a",%progbits
 1074              		.align	2
 1077              	F1_I1CD:
 1078 0000 05       		.byte	5
 1079 0001 07       		.byte	7
 1080 0002 20       		.byte	32
 1081 0003 40       		.byte	64
 1082 0004 70       		.byte	112
 1083 0005 20       		.byte	32
 1084 0006 20       		.byte	32
 1085 0007 20       		.byte	32
 1086 0008 70       		.byte	112
 1087 0009 000000   		.section	.rodata.F1_I1CE,"a",%progbits
 1088              		.align	2
 1091              	F1_I1CE:
 1092 0000 05       		.byte	5
 1093 0001 07       		.byte	7
 1094 0002 20       		.byte	32
 1095 0003 50       		.byte	80
 1096 0004 70       		.byte	112
 1097 0005 20       		.byte	32
 1098 0006 20       		.byte	32
 1099 0007 20       		.byte	32
 1100 0008 70       		.byte	112
 1101 0009 000000   		.section	.rodata.F1_I1CF,"a",%progbits
 1102              		.align	2
 1105              	F1_I1CF:
 1106 0000 05       		.byte	5
 1107 0001 07       		.byte	7
 1108 0002 50       		.byte	80
 1109 0003 00       		.byte	0
 1110 0004 70       		.byte	112
 1111 0005 20       		.byte	32
 1112 0006 20       		.byte	32
 1113 0007 20       		.byte	32
 1114 0008 70       		.byte	112
 1115 0009 000000   		.section	.rodata.F1_I1EA,"a",%progbits
 1116              		.align	2
 1119              	F1_I1EA:
 1120 0000 05       		.byte	5
 1121 0001 07       		.byte	7
 1122 0002 20       		.byte	32
 1123 0003 50       		.byte	80
 1124 0004 70       		.byte	112
 1125 0005 88       		.byte	-120
 1126 0006 F8       		.byte	-8
 1127 0007 80       		.byte	-128
 1128 0008 70       		.byte	112
 1129 0009 000000   		.section	.rodata.F1_I1EB,"a",%progbits
 1130              		.align	2
 1133              	F1_I1EB:
 1134 0000 05       		.byte	5
 1135 0001 07       		.byte	7
 1136 0002 50       		.byte	80
 1137 0003 00       		.byte	0
 1138 0004 70       		.byte	112
 1139 0005 88       		.byte	-120
 1140 0006 F8       		.byte	-8
 1141 0007 80       		.byte	-128
 1142 0008 70       		.byte	112
 1143 0009 000000   		.section	.rodata.F1_I1EC,"a",%progbits
 1144              		.align	2
 1147              	F1_I1EC:
 1148 0000 05       		.byte	5
 1149 0001 07       		.byte	7
 1150 0002 40       		.byte	64
 1151 0003 20       		.byte	32
 1152 0004 00       		.byte	0
 1153 0005 60       		.byte	96
 1154 0006 20       		.byte	32
 1155 0007 20       		.byte	32
 1156 0008 70       		.byte	112
 1157 0009 000000   		.section	.rodata.F1_I1ED,"a",%progbits
 1158              		.align	2
 1161              	F1_I1ED:
 1162 0000 05       		.byte	5
 1163 0001 07       		.byte	7
 1164 0002 20       		.byte	32
 1165 0003 40       		.byte	64
 1166 0004 00       		.byte	0
 1167 0005 60       		.byte	96
 1168 0006 20       		.byte	32
 1169 0007 20       		.byte	32
 1170 0008 70       		.byte	112
 1171 0009 000000   		.section	.rodata.F1_I1EE,"a",%progbits
 1172              		.align	2
 1175              	F1_I1EE:
 1176 0000 05       		.byte	5
 1177 0001 07       		.byte	7
 1178 0002 20       		.byte	32
 1179 0003 50       		.byte	80
 1180 0004 00       		.byte	0
 1181 0005 60       		.byte	96
 1182 0006 20       		.byte	32
 1183 0007 20       		.byte	32
 1184 0008 70       		.byte	112
 1185 0009 000000   		.section	.rodata.F1_I1EF,"a",%progbits
 1186              		.align	2
 1189              	F1_I1EF:
 1190 0000 05       		.byte	5
 1191 0001 07       		.byte	7
 1192 0002 00       		.byte	0
 1193 0003 50       		.byte	80
 1194 0004 00       		.byte	0
 1195 0005 60       		.byte	96
 1196 0006 20       		.byte	32
 1197 0007 20       		.byte	32
 1198 0008 70       		.byte	112
 1199 0009 000000   		.section	.rodata.F1_I1A7,"a",%progbits
 1200              		.align	2
 1203              	F1_I1A7:
 1204 0000 05       		.byte	5
 1205 0001 07       		.byte	7
 1206 0002 30       		.byte	48
 1207 0003 48       		.byte	72
 1208 0004 A0       		.byte	-96
 1209 0005 50       		.byte	80
 1210 0006 28       		.byte	40
 1211 0007 90       		.byte	-112
 1212 0008 60       		.byte	96
 1213 0009 000000   		.section	.rodata.F1_I1A2,"a",%progbits
 1214              		.align	2
 1217              	F1_I1A2:
 1218 0000 05       		.byte	5
 1219 0001 07       		.byte	7
 1220 0002 20       		.byte	32
 1221 0003 70       		.byte	112
 1222 0004 A8       		.byte	-88
 1223 0005 A0       		.byte	-96
 1224 0006 A8       		.byte	-88
 1225 0007 70       		.byte	112
 1226 0008 20       		.byte	32
 1227 0009 000000   		.section	.rodata.F1_I1A8,"a",%progbits
 1228              		.align	2
 1231              	F1_I1A8:
 1232 0000 05       		.byte	5
 1233 0001 07       		.byte	7
 1234 0002 50       		.byte	80
 1235 0003 00       		.byte	0
 1236 0004 00       		.byte	0
 1237 0005 00       		.byte	0
 1238 0006 00       		.byte	0
 1239 0007 00       		.byte	0
 1240 0008 00       		.byte	0
 1241 0009 000000   		.section	.rodata.F1_I1A9,"a",%progbits
 1242              		.align	2
 1245              	F1_I1A9:
 1246 0000 06       		.byte	6
 1247 0001 07       		.byte	7
 1248 0002 78       		.byte	120
 1249 0003 84       		.byte	-124
 1250 0004 B4       		.byte	-76
 1251 0005 A4       		.byte	-92
 1252 0006 B4       		.byte	-76
 1253 0007 84       		.byte	-124
 1254 0008 78       		.byte	120
 1255 0009 000000   		.section	.rodata.F1_I1BA,"a",%progbits
 1256              		.align	2
 1259              	F1_I1BA:
 1260 0000 05       		.byte	5
 1261 0001 07       		.byte	7
 1262 0002 30       		.byte	48
 1263 0003 48       		.byte	72
 1264 0004 48       		.byte	72
 1265 0005 48       		.byte	72
 1266 0006 30       		.byte	48
 1267 0007 00       		.byte	0
 1268 0008 00       		.byte	0
 1269 0009 000000   		.section	.rodata.F1_I1A5,"a",%progbits
 1270              		.align	2
 1273              	F1_I1A5:
 1274 0000 05       		.byte	5
 1275 0001 07       		.byte	7
 1276 0002 88       		.byte	-120
 1277 0003 50       		.byte	80
 1278 0004 20       		.byte	32
 1279 0005 F8       		.byte	-8
 1280 0006 20       		.byte	32
 1281 0007 F8       		.byte	-8
 1282 0008 20       		.byte	32
 1283 0009 000000   		.section	.rodata.F1_I1BB,"a",%progbits
 1284              		.align	2
 1287              	F1_I1BB:
 1288 0000 05       		.byte	5
 1289 0001 07       		.byte	7
 1290 0002 00       		.byte	0
 1291 0003 A0       		.byte	-96
 1292 0004 50       		.byte	80
 1293 0005 28       		.byte	40
 1294 0006 50       		.byte	80
 1295 0007 A0       		.byte	-96
 1296 0008 00       		.byte	0
 1297 0009 000000   		.section	.rodata.F1_I1B0,"a",%progbits
 1298              		.align	2
 1301              	F1_I1B0:
 1302 0000 05       		.byte	5
 1303 0001 07       		.byte	7
 1304 0002 60       		.byte	96
 1305 0003 90       		.byte	-112
 1306 0004 90       		.byte	-112
 1307 0005 60       		.byte	96
 1308 0006 00       		.byte	0
 1309 0007 00       		.byte	0
 1310 0008 00       		.byte	0
 1311 0009 000000   		.section	.rodata.fnt1_EUR,"a",%progbits
 1312              		.align	2
 1315              	fnt1_EUR:
 1316 0000 01       		.byte	1
 1317 0001 000000   		.space	3
 1318 0004 00000000 		.word	F1_FILL
 1319 0008 00000000 		.word	F1_ENT
 1320 000c 00000000 		.word	F1_DEG
 1321 0010 00000000 		.word	F1_RDS
 1322 0014 00000000 		.word	F1_CLK
 1323 0018 00000000 		.word	F1_POINT
 1324 001c 00000000 		.word	F1_FILL
 1325 0020 00000000 		.word	F1_FILL
 1326 0024 00000000 		.word	F1_FILL
 1327 0028 00000000 		.word	F1_FILL
 1328 002c 00000000 		.word	F1_FILL
 1329 0030 00000000 		.word	F1_FILL
 1330 0034 00000000 		.word	F1_FILL
 1331 0038 00000000 		.word	F1_FILL
 1332 003c 00000000 		.word	F1_FILL
 1333 0040 00000000 		.word	F1_FILL
 1334 0044 00000000 		.word	F1_FILL
 1335 0048 00000000 		.word	F1_FILL
 1336 004c 00000000 		.word	F1_FILL
 1337 0050 00000000 		.word	F1_FILL
 1338 0054 00000000 		.word	F1_FILL
 1339 0058 00000000 		.word	F1_FILL
 1340 005c 00000000 		.word	F1_FILL
 1341 0060 00000000 		.word	F1_FILL
 1342 0064 00000000 		.word	F1_FILL
 1343 0068 00000000 		.word	F1_FILL
 1344 006c 00000000 		.word	F1_FILL
 1345 0070 00000000 		.word	F1_FILL
 1346 0074 00000000 		.word	F1_FILL
 1347 0078 00000000 		.word	F1_FILL
 1348 007c 00000000 		.word	F1_FILL
 1349 0080 00000000 		.word	F1_FILL
 1350 0084 00000000 		.word	F1_I120
 1351 0088 00000000 		.word	F1_I121
 1352 008c 00000000 		.word	F1_I122
 1353 0090 00000000 		.word	F1_I123
 1354 0094 00000000 		.word	F1_I124
 1355 0098 00000000 		.word	F1_I125
 1356 009c 00000000 		.word	F1_I126
 1357 00a0 00000000 		.word	F1_I127
 1358 00a4 00000000 		.word	F1_I128
 1359 00a8 00000000 		.word	F1_I129
 1360 00ac 00000000 		.word	F1_I12A
 1361 00b0 00000000 		.word	F1_I12B
 1362 00b4 00000000 		.word	F1_I12C
 1363 00b8 00000000 		.word	F1_I12D
 1364 00bc 00000000 		.word	F1_I12E
 1365 00c0 00000000 		.word	F1_I12F
 1366 00c4 00000000 		.word	F1_I130
 1367 00c8 00000000 		.word	F1_I131
 1368 00cc 00000000 		.word	F1_I132
 1369 00d0 00000000 		.word	F1_I133
 1370 00d4 00000000 		.word	F1_I134
 1371 00d8 00000000 		.word	F1_I135
 1372 00dc 00000000 		.word	F1_I136
 1373 00e0 00000000 		.word	F1_I137
 1374 00e4 00000000 		.word	F1_I138
 1375 00e8 00000000 		.word	F1_I139
 1376 00ec 00000000 		.word	F1_I13A
 1377 00f0 00000000 		.word	F1_I13B
 1378 00f4 00000000 		.word	F1_I13C
 1379 00f8 00000000 		.word	F1_I13D
 1380 00fc 00000000 		.word	F1_I13E
 1381 0100 00000000 		.word	F1_I13F
 1382 0104 00000000 		.word	F1_I140
 1383 0108 00000000 		.word	F1_I141
 1384 010c 00000000 		.word	F1_I142
 1385 0110 00000000 		.word	F1_I143
 1386 0114 00000000 		.word	F1_I144
 1387 0118 00000000 		.word	F1_I145
 1388 011c 00000000 		.word	F1_I146
 1389 0120 00000000 		.word	F1_I147
 1390 0124 00000000 		.word	F1_I148
 1391 0128 00000000 		.word	F1_I149
 1392 012c 00000000 		.word	F1_I14A
 1393 0130 00000000 		.word	F1_I14B
 1394 0134 00000000 		.word	F1_I14C
 1395 0138 00000000 		.word	F1_I14D
 1396 013c 00000000 		.word	F1_I14E
 1397 0140 00000000 		.word	F1_I14F
 1398 0144 00000000 		.word	F1_I150
 1399 0148 00000000 		.word	F1_I151
 1400 014c 00000000 		.word	F1_I152
 1401 0150 00000000 		.word	F1_I153
 1402 0154 00000000 		.word	F1_I154
 1403 0158 00000000 		.word	F1_I155
 1404 015c 00000000 		.word	F1_I156
 1405 0160 00000000 		.word	F1_I157
 1406 0164 00000000 		.word	F1_I158
 1407 0168 00000000 		.word	F1_I159
 1408 016c 00000000 		.word	F1_I15A
 1409 0170 00000000 		.word	F1_I15B
 1410 0174 00000000 		.word	F1_I15C
 1411 0178 00000000 		.word	F1_I15D
 1412 017c 00000000 		.word	F1_I15E
 1413 0180 00000000 		.word	F1_I15F
 1414 0184 00000000 		.word	F1_I160
 1415 0188 00000000 		.word	F1_I161
 1416 018c 00000000 		.word	F1_I162
 1417 0190 00000000 		.word	F1_I163
 1418 0194 00000000 		.word	F1_I164
 1419 0198 00000000 		.word	F1_I165
 1420 019c 00000000 		.word	F1_I166
 1421 01a0 00000000 		.word	F1_I167
 1422 01a4 00000000 		.word	F1_I168
 1423 01a8 00000000 		.word	F1_I169
 1424 01ac 00000000 		.word	F1_I16A
 1425 01b0 00000000 		.word	F1_I16B
 1426 01b4 00000000 		.word	F1_I16C
 1427 01b8 00000000 		.word	F1_I16D
 1428 01bc 00000000 		.word	F1_I16E
 1429 01c0 00000000 		.word	F1_I16F
 1430 01c4 00000000 		.word	F1_I170
 1431 01c8 00000000 		.word	F1_I171
 1432 01cc 00000000 		.word	F1_I172
 1433 01d0 00000000 		.word	F1_I173
 1434 01d4 00000000 		.word	F1_I174
 1435 01d8 00000000 		.word	F1_I175
 1436 01dc 00000000 		.word	F1_I176
 1437 01e0 00000000 		.word	F1_I177
 1438 01e4 00000000 		.word	F1_I178
 1439 01e8 00000000 		.word	F1_I179
 1440 01ec 00000000 		.word	F1_I17A
 1441 01f0 00000000 		.word	F1_I17B
 1442 01f4 00000000 		.word	F1_I17C
 1443 01f8 00000000 		.word	F1_I17D
 1444 01fc 00000000 		.word	F1_I17E
 1445 0200 00000000 		.word	F1_FILL
 1446 0204 00000000 		.word	F1_FILL
 1447 0208 00000000 		.word	F1_FILL
 1448 020c 00000000 		.word	F1_FILL
 1449 0210 00000000 		.word	F1_FILL
 1450 0214 00000000 		.word	F1_FILL
 1451 0218 00000000 		.word	F1_FILL
 1452 021c 00000000 		.word	F1_FILL
 1453 0220 00000000 		.word	F1_FILL
 1454 0224 00000000 		.word	F1_FILL
 1455 0228 00000000 		.word	F1_FILL
 1456 022c 00000000 		.word	F1_FILL
 1457 0230 00000000 		.word	F1_FILL
 1458 0234 00000000 		.word	F1_FILL
 1459 0238 00000000 		.word	F1_FILL
 1460 023c 00000000 		.word	F1_FILL
 1461 0240 00000000 		.word	F1_FILL
 1462 0244 00000000 		.word	F1_FILL
 1463 0248 00000000 		.word	F1_FILL
 1464 024c 00000000 		.word	F1_FILL
 1465 0250 00000000 		.word	F1_FILL
 1466 0254 00000000 		.word	F1_FILL
 1467 0258 00000000 		.word	F1_FILL
 1468 025c 00000000 		.word	F1_FILL
 1469 0260 00000000 		.word	F1_FILL
 1470 0264 00000000 		.word	F1_FILL
 1471 0268 00000000 		.word	F1_FILL
 1472 026c 00000000 		.word	F1_FILL
 1473 0270 00000000 		.word	F1_FILL
 1474 0274 00000000 		.word	F1_FILL
 1475 0278 00000000 		.word	F1_FILL
 1476 027c 00000000 		.word	F1_FILL
 1477 0280 00000000 		.word	F1_FILL
 1478 0284 00000000 		.word	F1_I120
 1479 0288 00000000 		.word	F1_I1A1
 1480 028c 00000000 		.word	F1_I1A2
 1481 0290 00000000 		.word	F1_I1A3
 1482 0294 00000000 		.word	F1_I1A4
 1483 0298 00000000 		.word	F1_I1A5
 1484 029c 00000000 		.word	F1_I1A6
 1485 02a0 00000000 		.word	F1_I1A7
 1486 02a4 00000000 		.word	F1_I1A8
 1487 02a8 00000000 		.word	F1_I1A9
 1488 02ac 00000000 		.word	F1_I1AA
 1489 02b0 00000000 		.word	F1_I1AB
 1490 02b4 00000000 		.word	F1_I1AC
 1491 02b8 00000000 		.word	F1_I1AD
 1492 02bc 00000000 		.word	F1_I1AE
 1493 02c0 00000000 		.word	F1_I1AF
 1494 02c4 00000000 		.word	F1_I1B0
 1495 02c8 00000000 		.word	F1_I1B1
 1496 02cc 00000000 		.word	F1_I1B2
 1497 02d0 00000000 		.word	F1_I1B3
 1498 02d4 00000000 		.word	F1_I1B4
 1499 02d8 00000000 		.word	F1_I1B5
 1500 02dc 00000000 		.word	F1_I1B6
 1501 02e0 00000000 		.word	F1_I1B7
 1502 02e4 00000000 		.word	F1_I1B8
 1503 02e8 00000000 		.word	F1_I1B9
 1504 02ec 00000000 		.word	F1_I1BA
 1505 02f0 00000000 		.word	F1_I1BB
 1506 02f4 00000000 		.word	F1_I1BC
 1507 02f8 00000000 		.word	F1_I1BD
 1508 02fc 00000000 		.word	F1_I1BE
 1509 0300 00000000 		.word	F1_I1BF
 1510 0304 00000000 		.word	F1_I1C0
 1511 0308 00000000 		.word	F1_I1C1
 1512 030c 00000000 		.word	F1_I1C2
 1513 0310 00000000 		.word	F1_I1C3
 1514 0314 00000000 		.word	F1_I1C4
 1515 0318 00000000 		.word	F1_I1C5
 1516 031c 00000000 		.word	F1_I1C6
 1517 0320 00000000 		.word	F1_I1C7
 1518 0324 00000000 		.word	F1_I1C8
 1519 0328 00000000 		.word	F1_I1C9
 1520 032c 00000000 		.word	F1_I1CA
 1521 0330 00000000 		.word	F1_I1CB
 1522 0334 00000000 		.word	F1_I1CC
 1523 0338 00000000 		.word	F1_I1CD
 1524 033c 00000000 		.word	F1_I1CE
 1525 0340 00000000 		.word	F1_I1CF
 1526 0344 00000000 		.word	F1_I1D0
 1527 0348 00000000 		.word	F1_I1D1
 1528 034c 00000000 		.word	F1_I1D2
 1529 0350 00000000 		.word	F1_I1D3
 1530 0354 00000000 		.word	F1_I1D4
 1531 0358 00000000 		.word	F1_I1D5
 1532 035c 00000000 		.word	F1_I1D6
 1533 0360 00000000 		.word	F1_I1D7
 1534 0364 00000000 		.word	F1_I1D8
 1535 0368 00000000 		.word	F1_I1D9
 1536 036c 00000000 		.word	F1_I1DA
 1537 0370 00000000 		.word	F1_I1DB
 1538 0374 00000000 		.word	F1_I1DC
 1539 0378 00000000 		.word	F1_I1DD
 1540 037c 00000000 		.word	F1_I1DE
 1541 0380 00000000 		.word	F1_I1DF
 1542 0384 00000000 		.word	F1_I1E0
 1543 0388 00000000 		.word	F1_I1E1
 1544 038c 00000000 		.word	F1_I1E2
 1545 0390 00000000 		.word	F1_I1E3
 1546 0394 00000000 		.word	F1_I1E4
 1547 0398 00000000 		.word	F1_I1E5
 1548 039c 00000000 		.word	F1_I1E6
 1549 03a0 00000000 		.word	F1_I1E7
 1550 03a4 00000000 		.word	F1_I1E8
 1551 03a8 00000000 		.word	F1_I1E9
 1552 03ac 00000000 		.word	F1_I1EA
 1553 03b0 00000000 		.word	F1_I1EB
 1554 03b4 00000000 		.word	F1_I1EC
 1555 03b8 00000000 		.word	F1_I1ED
 1556 03bc 00000000 		.word	F1_I1EE
 1557 03c0 00000000 		.word	F1_I1EF
 1558 03c4 00000000 		.word	F1_I1F0
 1559 03c8 00000000 		.word	F1_I1F1
 1560 03cc 00000000 		.word	F1_I1F2
 1561 03d0 00000000 		.word	F1_I1F3
 1562 03d4 00000000 		.word	F1_I1F4
 1563 03d8 00000000 		.word	F1_I1F5
 1564 03dc 00000000 		.word	F1_I1F6
 1565 03e0 00000000 		.word	F1_I1F7
 1566 03e4 00000000 		.word	F1_I1F8
 1567 03e8 00000000 		.word	F1_I1F9
 1568 03ec 00000000 		.word	F1_I1FA
 1569 03f0 00000000 		.word	F1_I1FB
 1570 03f4 00000000 		.word	F1_I1FC
 1571 03f8 00000000 		.word	F1_I1FD
 1572 03fc 00000000 		.word	F1_I1FE
 1573 0400 00000000 		.word	F1_I1FF
 1574              		.section	.rodata.F1_I1B2,"a",%progbits
 1575              		.align	2
 1578              	F1_I1B2:
 1579 0000 03       		.byte	3
 1580 0001 07       		.byte	7
 1581 0002 60       		.byte	96
 1582 0003 20       		.byte	32
 1583 0004 60       		.byte	96
 1584 0005 40       		.byte	64
 1585 0006 60       		.byte	96
 1586 0007 00       		.byte	0
 1587 0008 00       		.byte	0
 1588 0009 000000   		.section	.rodata.F1_I1B3,"a",%progbits
 1589              		.align	2
 1592              	F1_I1B3:
 1593 0000 03       		.byte	3
 1594 0001 07       		.byte	7
 1595 0002 60       		.byte	96
 1596 0003 20       		.byte	32
 1597 0004 60       		.byte	96
 1598 0005 20       		.byte	32
 1599 0006 60       		.byte	96
 1600 0007 00       		.byte	0
 1601 0008 00       		.byte	0
 1602 0009 000000   		.section	.rodata.F1_I1BF,"a",%progbits
 1603              		.align	2
 1606              	F1_I1BF:
 1607 0000 05       		.byte	5
 1608 0001 07       		.byte	7
 1609 0002 20       		.byte	32
 1610 0003 00       		.byte	0
 1611 0004 20       		.byte	32
 1612 0005 40       		.byte	64
 1613 0006 80       		.byte	-128
 1614 0007 88       		.byte	-120
 1615 0008 70       		.byte	112
 1616 0009 000000   		.section	.rodata.F1_I1D9,"a",%progbits
 1617              		.align	2
 1620              	F1_I1D9:
 1621 0000 05       		.byte	5
 1622 0001 07       		.byte	7
 1623 0002 40       		.byte	64
 1624 0003 20       		.byte	32
 1625 0004 88       		.byte	-120
 1626 0005 88       		.byte	-120
 1627 0006 88       		.byte	-120
 1628 0007 88       		.byte	-120
 1629 0008 70       		.byte	112
 1630 0009 000000   		.section	.rodata.F1_I1F1,"a",%progbits
 1631              		.align	2
 1634              	F1_I1F1:
 1635 0000 05       		.byte	5
 1636 0001 07       		.byte	7
 1637 0002 68       		.byte	104
 1638 0003 90       		.byte	-112
 1639 0004 00       		.byte	0
 1640 0005 B0       		.byte	-80
 1641 0006 C8       		.byte	-56
 1642 0007 88       		.byte	-120
 1643 0008 88       		.byte	-120
 1644 0009 000000   		.section	.rodata.F1_I1D0,"a",%progbits
 1645              		.align	2
 1648              	F1_I1D0:
 1649 0000 05       		.byte	5
 1650 0001 07       		.byte	7
 1651 0002 F0       		.byte	-16
 1652 0003 48       		.byte	72
 1653 0004 48       		.byte	72
 1654 0005 E8       		.byte	-24
 1655 0006 48       		.byte	72
 1656 0007 48       		.byte	72
 1657 0008 F0       		.byte	-16
 1658 0009 000000   		.section	.rodata.F1_I1D1,"a",%progbits
 1659              		.align	2
 1662              	F1_I1D1:
 1663 0000 05       		.byte	5
 1664 0001 07       		.byte	7
 1665 0002 68       		.byte	104
 1666 0003 90       		.byte	-112
 1667 0004 00       		.byte	0
 1668 0005 C8       		.byte	-56
 1669 0006 A8       		.byte	-88
 1670 0007 98       		.byte	-104
 1671 0008 88       		.byte	-120
 1672 0009 000000   		.section	.rodata.F1_I1D2,"a",%progbits
 1673              		.align	2
 1676              	F1_I1D2:
 1677 0000 05       		.byte	5
 1678 0001 07       		.byte	7
 1679 0002 40       		.byte	64
 1680 0003 20       		.byte	32
 1681 0004 70       		.byte	112
 1682 0005 88       		.byte	-120
 1683 0006 88       		.byte	-120
 1684 0007 88       		.byte	-120
 1685 0008 70       		.byte	112
 1686 0009 000000   		.section	.rodata.F1_I1D3,"a",%progbits
 1687              		.align	2
 1690              	F1_I1D3:
 1691 0000 05       		.byte	5
 1692 0001 07       		.byte	7
 1693 0002 10       		.byte	16
 1694 0003 20       		.byte	32
 1695 0004 70       		.byte	112
 1696 0005 88       		.byte	-120
 1697 0006 88       		.byte	-120
 1698 0007 88       		.byte	-120
 1699 0008 70       		.byte	112
 1700 0009 000000   		.section	.rodata.F1_I1D4,"a",%progbits
 1701              		.align	2
 1704              	F1_I1D4:
 1705 0000 05       		.byte	5
 1706 0001 07       		.byte	7
 1707 0002 70       		.byte	112
 1708 0003 88       		.byte	-120
 1709 0004 70       		.byte	112
 1710 0005 88       		.byte	-120
 1711 0006 88       		.byte	-120
 1712 0007 88       		.byte	-120
 1713 0008 70       		.byte	112
 1714 0009 000000   		.text
 1715              	.Letext0:
 1716              		.file 1 "./include/task.h"
 1717              		.file 2 "./include/queue.h"
 1718              		.file 3 "./include/semphr.h"
 1719              		.file 4 "Board.h"
 1720              		.file 5 "bm_f1all.h"
 1721              		.file 6 "bm_f1eur.c"
DEFINED SYMBOLS
                            *ABS*:00000000 bm_f1eur.c
  C:\Temp\ccLJjk81.s:1315   .rodata.fnt1_EUR:00000000 fnt1_EUR
  C:\Temp\ccLJjk81.s:442    .rodata.F1_I1FF:00000000 F1_I1FF
  C:\Temp\ccLJjk81.s:428    .rodata.F1_I1FE:00000000 F1_I1FE
  C:\Temp\ccLJjk81.s:414    .rodata.F1_I1FD:00000000 F1_I1FD
  C:\Temp\ccLJjk81.s:400    .rodata.F1_I1FC:00000000 F1_I1FC
  C:\Temp\ccLJjk81.s:386    .rodata.F1_I1FB:00000000 F1_I1FB
  C:\Temp\ccLJjk81.s:372    .rodata.F1_I1FA:00000000 F1_I1FA
  C:\Temp\ccLJjk81.s:274    .rodata.F1_I1F9:00000000 F1_I1F9
  C:\Temp\ccLJjk81.s:260    .rodata.F1_I1F8:00000000 F1_I1F8
  C:\Temp\ccLJjk81.s:246    .rodata.F1_I1F7:00000000 F1_I1F7
  C:\Temp\ccLJjk81.s:232    .rodata.F1_I1F6:00000000 F1_I1F6
  C:\Temp\ccLJjk81.s:218    .rodata.F1_I1F5:00000000 F1_I1F5
  C:\Temp\ccLJjk81.s:204    .rodata.F1_I1F4:00000000 F1_I1F4
  C:\Temp\ccLJjk81.s:190    .rodata.F1_I1F3:00000000 F1_I1F3
  C:\Temp\ccLJjk81.s:176    .rodata.F1_I1F2:00000000 F1_I1F2
  C:\Temp\ccLJjk81.s:1634   .rodata.F1_I1F1:00000000 F1_I1F1
  C:\Temp\ccLJjk81.s:865    .rodata.F1_I1F0:00000000 F1_I1F0
  C:\Temp\ccLJjk81.s:1189   .rodata.F1_I1EF:00000000 F1_I1EF
  C:\Temp\ccLJjk81.s:1175   .rodata.F1_I1EE:00000000 F1_I1EE
  C:\Temp\ccLJjk81.s:1161   .rodata.F1_I1ED:00000000 F1_I1ED
  C:\Temp\ccLJjk81.s:1147   .rodata.F1_I1EC:00000000 F1_I1EC
  C:\Temp\ccLJjk81.s:1133   .rodata.F1_I1EB:00000000 F1_I1EB
  C:\Temp\ccLJjk81.s:1119   .rodata.F1_I1EA:00000000 F1_I1EA
  C:\Temp\ccLJjk81.s:1021   .rodata.F1_I1E9:00000000 F1_I1E9
  C:\Temp\ccLJjk81.s:1007   .rodata.F1_I1E8:00000000 F1_I1E8
  C:\Temp\ccLJjk81.s:992    .rodata.F1_I1E7:00000000 F1_I1E7
  C:\Temp\ccLJjk81.s:978    .rodata.F1_I1E6:00000000 F1_I1E6
  C:\Temp\ccLJjk81.s:963    .rodata.F1_I1E5:00000000 F1_I1E5
  C:\Temp\ccLJjk81.s:949    .rodata.F1_I1E4:00000000 F1_I1E4
  C:\Temp\ccLJjk81.s:935    .rodata.F1_I1E3:00000000 F1_I1E3
  C:\Temp\ccLJjk81.s:921    .rodata.F1_I1E2:00000000 F1_I1E2
  C:\Temp\ccLJjk81.s:907    .rodata.F1_I1E1:00000000 F1_I1E1
  C:\Temp\ccLJjk81.s:893    .rodata.F1_I1E0:00000000 F1_I1E0
  C:\Temp\ccLJjk81.s:358    .rodata.F1_I1DF:00000000 F1_I1DF
  C:\Temp\ccLJjk81.s:344    .rodata.F1_I1DE:00000000 F1_I1DE
  C:\Temp\ccLJjk81.s:330    .rodata.F1_I1DD:00000000 F1_I1DD
  C:\Temp\ccLJjk81.s:316    .rodata.F1_I1DC:00000000 F1_I1DC
  C:\Temp\ccLJjk81.s:302    .rodata.F1_I1DB:00000000 F1_I1DB
  C:\Temp\ccLJjk81.s:288    .rodata.F1_I1DA:00000000 F1_I1DA
  C:\Temp\ccLJjk81.s:1620   .rodata.F1_I1D9:00000000 F1_I1D9
  C:\Temp\ccLJjk81.s:162    .rodata.F1_I1D8:00000000 F1_I1D8
  C:\Temp\ccLJjk81.s:148    .rodata.F1_I1D7:00000000 F1_I1D7
  C:\Temp\ccLJjk81.s:134    .rodata.F1_I1D6:00000000 F1_I1D6
  C:\Temp\ccLJjk81.s:120    .rodata.F1_I1D5:00000000 F1_I1D5
  C:\Temp\ccLJjk81.s:1704   .rodata.F1_I1D4:00000000 F1_I1D4
  C:\Temp\ccLJjk81.s:1690   .rodata.F1_I1D3:00000000 F1_I1D3
  C:\Temp\ccLJjk81.s:1676   .rodata.F1_I1D2:00000000 F1_I1D2
  C:\Temp\ccLJjk81.s:1662   .rodata.F1_I1D1:00000000 F1_I1D1
  C:\Temp\ccLJjk81.s:1648   .rodata.F1_I1D0:00000000 F1_I1D0
  C:\Temp\ccLJjk81.s:1105   .rodata.F1_I1CF:00000000 F1_I1CF
  C:\Temp\ccLJjk81.s:1091   .rodata.F1_I1CE:00000000 F1_I1CE
  C:\Temp\ccLJjk81.s:1077   .rodata.F1_I1CD:00000000 F1_I1CD
  C:\Temp\ccLJjk81.s:1063   .rodata.F1_I1CC:00000000 F1_I1CC
  C:\Temp\ccLJjk81.s:1049   .rodata.F1_I1CB:00000000 F1_I1CB
  C:\Temp\ccLJjk81.s:1035   .rodata.F1_I1CA:00000000 F1_I1CA
  C:\Temp\ccLJjk81.s:767    .rodata.F1_I1C9:00000000 F1_I1C9
  C:\Temp\ccLJjk81.s:739    .rodata.F1_I1C8:00000000 F1_I1C8
  C:\Temp\ccLJjk81.s:554    .rodata.F1_I1C7:00000000 F1_I1C7
  C:\Temp\ccLJjk81.s:879    .rodata.F1_I1C6:00000000 F1_I1C6
  C:\Temp\ccLJjk81.s:654    .rodata.F1_I1C5:00000000 F1_I1C5
  C:\Temp\ccLJjk81.s:851    .rodata.F1_I1C4:00000000 F1_I1C4
  C:\Temp\ccLJjk81.s:837    .rodata.F1_I1C3:00000000 F1_I1C3
  C:\Temp\ccLJjk81.s:823    .rodata.F1_I1C2:00000000 F1_I1C2
  C:\Temp\ccLJjk81.s:809    .rodata.F1_I1C1:00000000 F1_I1C1
  C:\Temp\ccLJjk81.s:795    .rodata.F1_I1C0:00000000 F1_I1C0
  C:\Temp\ccLJjk81.s:1606   .rodata.F1_I1BF:00000000 F1_I1BF
  C:\Temp\ccLJjk81.s:725    .rodata.F1_I1BE:00000000 F1_I1BE
  C:\Temp\ccLJjk81.s:781    .rodata.F1_I1BD:00000000 F1_I1BD
  C:\Temp\ccLJjk81.s:697    .rodata.F1_I1BC:00000000 F1_I1BC
  C:\Temp\ccLJjk81.s:1287   .rodata.F1_I1BB:00000000 F1_I1BB
  C:\Temp\ccLJjk81.s:1259   .rodata.F1_I1BA:00000000 F1_I1BA
  C:\Temp\ccLJjk81.s:669    .rodata.F1_I1B9:00000000 F1_I1B9
  C:\Temp\ccLJjk81.s:640    .rodata.F1_I1B8:00000000 F1_I1B8
  C:\Temp\ccLJjk81.s:626    .rodata.F1_I1B7:00000000 F1_I1B7
  C:\Temp\ccLJjk81.s:598    .rodata.F1_I1B6:00000000 F1_I1B6
  C:\Temp\ccLJjk81.s:584    .rodata.F1_I1B5:00000000 F1_I1B5
  C:\Temp\ccLJjk81.s:612    .rodata.F1_I1B4:00000000 F1_I1B4
  C:\Temp\ccLJjk81.s:1592   .rodata.F1_I1B3:00000000 F1_I1B3
  C:\Temp\ccLJjk81.s:1578   .rodata.F1_I1B2:00000000 F1_I1B2
  C:\Temp\ccLJjk81.s:484    .rodata.F1_I1B1:00000000 F1_I1B1
  C:\Temp\ccLJjk81.s:1301   .rodata.F1_I1B0:00000000 F1_I1B0
  C:\Temp\ccLJjk81.s:540    .rodata.F1_I1AF:00000000 F1_I1AF
  C:\Temp\ccLJjk81.s:569    .rodata.F1_I1AE:00000000 F1_I1AE
  C:\Temp\ccLJjk81.s:512    .rodata.F1_I1AD:00000000 F1_I1AD
  C:\Temp\ccLJjk81.s:683    .rodata.F1_I1AC:00000000 F1_I1AC
  C:\Temp\ccLJjk81.s:526    .rodata.F1_I1AB:00000000 F1_I1AB
  C:\Temp\ccLJjk81.s:470    .rodata.F1_I1AA:00000000 F1_I1AA
  C:\Temp\ccLJjk81.s:1245   .rodata.F1_I1A9:00000000 F1_I1A9
  C:\Temp\ccLJjk81.s:1231   .rodata.F1_I1A8:00000000 F1_I1A8
  C:\Temp\ccLJjk81.s:1203   .rodata.F1_I1A7:00000000 F1_I1A7
  C:\Temp\ccLJjk81.s:498    .rodata.F1_I1A6:00000000 F1_I1A6
  C:\Temp\ccLJjk81.s:1273   .rodata.F1_I1A5:00000000 F1_I1A5
  C:\Temp\ccLJjk81.s:753    .rodata.F1_I1A4:00000000 F1_I1A4
  C:\Temp\ccLJjk81.s:456    .rodata.F1_I1A3:00000000 F1_I1A3
  C:\Temp\ccLJjk81.s:1217   .rodata.F1_I1A2:00000000 F1_I1A2
  C:\Temp\ccLJjk81.s:711    .rodata.F1_I1A1:00000000 F1_I1A1
                            *COM*:00000004 POWERtaskhandle
                            *COM*:00000004 TWItaskhandle
                            *COM*:00000004 SetTime
  C:\Temp\ccLJjk81.s:117    .rodata.F1_I1D5:00000000 $d
  C:\Temp\ccLJjk81.s:131    .rodata.F1_I1D6:00000000 $d
  C:\Temp\ccLJjk81.s:145    .rodata.F1_I1D7:00000000 $d
  C:\Temp\ccLJjk81.s:159    .rodata.F1_I1D8:00000000 $d
  C:\Temp\ccLJjk81.s:173    .rodata.F1_I1F2:00000000 $d
  C:\Temp\ccLJjk81.s:187    .rodata.F1_I1F3:00000000 $d
  C:\Temp\ccLJjk81.s:201    .rodata.F1_I1F4:00000000 $d
  C:\Temp\ccLJjk81.s:215    .rodata.F1_I1F5:00000000 $d
  C:\Temp\ccLJjk81.s:229    .rodata.F1_I1F6:00000000 $d
  C:\Temp\ccLJjk81.s:243    .rodata.F1_I1F7:00000000 $d
  C:\Temp\ccLJjk81.s:257    .rodata.F1_I1F8:00000000 $d
  C:\Temp\ccLJjk81.s:271    .rodata.F1_I1F9:00000000 $d
  C:\Temp\ccLJjk81.s:285    .rodata.F1_I1DA:00000000 $d
  C:\Temp\ccLJjk81.s:299    .rodata.F1_I1DB:00000000 $d
  C:\Temp\ccLJjk81.s:313    .rodata.F1_I1DC:00000000 $d
  C:\Temp\ccLJjk81.s:327    .rodata.F1_I1DD:00000000 $d
  C:\Temp\ccLJjk81.s:341    .rodata.F1_I1DE:00000000 $d
  C:\Temp\ccLJjk81.s:355    .rodata.F1_I1DF:00000000 $d
  C:\Temp\ccLJjk81.s:369    .rodata.F1_I1FA:00000000 $d
  C:\Temp\ccLJjk81.s:383    .rodata.F1_I1FB:00000000 $d
  C:\Temp\ccLJjk81.s:397    .rodata.F1_I1FC:00000000 $d
  C:\Temp\ccLJjk81.s:411    .rodata.F1_I1FD:00000000 $d
  C:\Temp\ccLJjk81.s:425    .rodata.F1_I1FE:00000000 $d
  C:\Temp\ccLJjk81.s:439    .rodata.F1_I1FF:00000000 $d
  C:\Temp\ccLJjk81.s:453    .rodata.F1_I1A3:00000000 $d
  C:\Temp\ccLJjk81.s:467    .rodata.F1_I1AA:00000000 $d
  C:\Temp\ccLJjk81.s:481    .rodata.F1_I1B1:00000000 $d
  C:\Temp\ccLJjk81.s:495    .rodata.F1_I1A6:00000000 $d
  C:\Temp\ccLJjk81.s:509    .rodata.F1_I1AD:00000000 $d
  C:\Temp\ccLJjk81.s:523    .rodata.F1_I1AB:00000000 $d
  C:\Temp\ccLJjk81.s:537    .rodata.F1_I1AF:00000000 $d
  C:\Temp\ccLJjk81.s:551    .rodata.F1_I1C7:00000000 $d
  C:\Temp\ccLJjk81.s:566    .rodata.F1_I1AE:00000000 $d
  C:\Temp\ccLJjk81.s:581    .rodata.F1_I1B5:00000000 $d
  C:\Temp\ccLJjk81.s:595    .rodata.F1_I1B6:00000000 $d
  C:\Temp\ccLJjk81.s:609    .rodata.F1_I1B4:00000000 $d
  C:\Temp\ccLJjk81.s:623    .rodata.F1_I1B7:00000000 $d
  C:\Temp\ccLJjk81.s:637    .rodata.F1_I1B8:00000000 $d
  C:\Temp\ccLJjk81.s:651    .rodata.F1_I1C5:00000000 $d
  C:\Temp\ccLJjk81.s:666    .rodata.F1_I1B9:00000000 $d
  C:\Temp\ccLJjk81.s:680    .rodata.F1_I1AC:00000000 $d
  C:\Temp\ccLJjk81.s:694    .rodata.F1_I1BC:00000000 $d
  C:\Temp\ccLJjk81.s:708    .rodata.F1_I1A1:00000000 $d
  C:\Temp\ccLJjk81.s:722    .rodata.F1_I1BE:00000000 $d
  C:\Temp\ccLJjk81.s:736    .rodata.F1_I1C8:00000000 $d
  C:\Temp\ccLJjk81.s:750    .rodata.F1_I1A4:00000000 $d
  C:\Temp\ccLJjk81.s:764    .rodata.F1_I1C9:00000000 $d
  C:\Temp\ccLJjk81.s:778    .rodata.F1_I1BD:00000000 $d
  C:\Temp\ccLJjk81.s:792    .rodata.F1_I1C0:00000000 $d
  C:\Temp\ccLJjk81.s:806    .rodata.F1_I1C1:00000000 $d
  C:\Temp\ccLJjk81.s:820    .rodata.F1_I1C2:00000000 $d
  C:\Temp\ccLJjk81.s:834    .rodata.F1_I1C3:00000000 $d
  C:\Temp\ccLJjk81.s:848    .rodata.F1_I1C4:00000000 $d
  C:\Temp\ccLJjk81.s:862    .rodata.F1_I1F0:00000000 $d
  C:\Temp\ccLJjk81.s:876    .rodata.F1_I1C6:00000000 $d
  C:\Temp\ccLJjk81.s:890    .rodata.F1_I1E0:00000000 $d
  C:\Temp\ccLJjk81.s:904    .rodata.F1_I1E1:00000000 $d
  C:\Temp\ccLJjk81.s:918    .rodata.F1_I1E2:00000000 $d
  C:\Temp\ccLJjk81.s:932    .rodata.F1_I1E3:00000000 $d
  C:\Temp\ccLJjk81.s:946    .rodata.F1_I1E4:00000000 $d
  C:\Temp\ccLJjk81.s:960    .rodata.F1_I1E5:00000000 $d
  C:\Temp\ccLJjk81.s:975    .rodata.F1_I1E6:00000000 $d
  C:\Temp\ccLJjk81.s:989    .rodata.F1_I1E7:00000000 $d
  C:\Temp\ccLJjk81.s:1004   .rodata.F1_I1E8:00000000 $d
  C:\Temp\ccLJjk81.s:1018   .rodata.F1_I1E9:00000000 $d
  C:\Temp\ccLJjk81.s:1032   .rodata.F1_I1CA:00000000 $d
  C:\Temp\ccLJjk81.s:1046   .rodata.F1_I1CB:00000000 $d
  C:\Temp\ccLJjk81.s:1060   .rodata.F1_I1CC:00000000 $d
  C:\Temp\ccLJjk81.s:1074   .rodata.F1_I1CD:00000000 $d
  C:\Temp\ccLJjk81.s:1088   .rodata.F1_I1CE:00000000 $d
  C:\Temp\ccLJjk81.s:1102   .rodata.F1_I1CF:00000000 $d
  C:\Temp\ccLJjk81.s:1116   .rodata.F1_I1EA:00000000 $d
  C:\Temp\ccLJjk81.s:1130   .rodata.F1_I1EB:00000000 $d
  C:\Temp\ccLJjk81.s:1144   .rodata.F1_I1EC:00000000 $d
  C:\Temp\ccLJjk81.s:1158   .rodata.F1_I1ED:00000000 $d
  C:\Temp\ccLJjk81.s:1172   .rodata.F1_I1EE:00000000 $d
  C:\Temp\ccLJjk81.s:1186   .rodata.F1_I1EF:00000000 $d
  C:\Temp\ccLJjk81.s:1200   .rodata.F1_I1A7:00000000 $d
  C:\Temp\ccLJjk81.s:1214   .rodata.F1_I1A2:00000000 $d
  C:\Temp\ccLJjk81.s:1228   .rodata.F1_I1A8:00000000 $d
  C:\Temp\ccLJjk81.s:1242   .rodata.F1_I1A9:00000000 $d
  C:\Temp\ccLJjk81.s:1256   .rodata.F1_I1BA:00000000 $d
  C:\Temp\ccLJjk81.s:1270   .rodata.F1_I1A5:00000000 $d
  C:\Temp\ccLJjk81.s:1284   .rodata.F1_I1BB:00000000 $d
  C:\Temp\ccLJjk81.s:1298   .rodata.F1_I1B0:00000000 $d
  C:\Temp\ccLJjk81.s:1312   .rodata.fnt1_EUR:00000000 $d
  C:\Temp\ccLJjk81.s:1575   .rodata.F1_I1B2:00000000 $d
  C:\Temp\ccLJjk81.s:1589   .rodata.F1_I1B3:00000000 $d
  C:\Temp\ccLJjk81.s:1603   .rodata.F1_I1BF:00000000 $d
  C:\Temp\ccLJjk81.s:1617   .rodata.F1_I1D9:00000000 $d
  C:\Temp\ccLJjk81.s:1631   .rodata.F1_I1F1:00000000 $d
  C:\Temp\ccLJjk81.s:1645   .rodata.F1_I1D0:00000000 $d
  C:\Temp\ccLJjk81.s:1659   .rodata.F1_I1D1:00000000 $d
  C:\Temp\ccLJjk81.s:1673   .rodata.F1_I1D2:00000000 $d
  C:\Temp\ccLJjk81.s:1687   .rodata.F1_I1D3:00000000 $d
  C:\Temp\ccLJjk81.s:1701   .rodata.F1_I1D4:00000000 $d
                           .group:00000000 wm4.1.e755308d0f97ac5a4d77c88bfa88161b
                           .group:00000000 wm4.Board.h.9.fb7d243db0e7e4c70fc5c5308962051c
                           .group:00000000 wm4.AT91SAM7A3.h.47.d520374ed0d352801eee6a21dd2220a3
                           .group:00000000 wm4.lib_AT91SAM7A3.h.43.b96965aef7b64d3c61b53421dff32f3d
                           .group:00000000 wm4.stddef.h.40.50cf36416e06376af8a9dca28536f2e4
                           .group:00000000 wm4.projdefs.h.55.cdae9ead80b5a2ac004f41bb277aad45
                           .group:00000000 wm4.FreeRTOSConfig.h.55.21a0bf6949661856eb9bd458ca526d69
                           .group:00000000 wm4.portmacro.h.78.312ea2a2591c2c784e5cb239eea0b39c
                           .group:00000000 wm4.portable.h.311.02653c2286cc0addcb8e7b32211fdde5
                           .group:00000000 wm4.mpu_wrappers.h.55.46a4a008a193040c38098e9a5f07ff9d
                           .group:00000000 wm4.FreeRTOS.h.136.ac0125896626c2d69b79b44ea315652b
                           .group:00000000 wm4.list.h.90.ffdb657f66139f74e2982d5a33457923
                           .group:00000000 wm4.task.h.75.6c9adf28cb16a37dd5593a2f9c33f128
                           .group:00000000 wm4.queue.h.62.c626e69c2c492f5b1e4920732a8be821
                           .group:00000000 wm4.semphr.h.65.030ef7caa4665b46960b9de8a1cccba7
                           .group:00000000 wm4.Board.h.1257.275975018c8e952526c2554b98141b95
                           .group:00000000 wm4.Board.h.1481.126b635f2c4daf829686312d1e66f9ec

UNDEFINED SYMBOLS
F1_FILL
F1_ENT
F1_DEG
F1_RDS
F1_CLK
F1_POINT
F1_I120
F1_I121
F1_I122
F1_I123
F1_I124
F1_I125
F1_I126
F1_I127
F1_I128
F1_I129
F1_I12A
F1_I12B
F1_I12C
F1_I12D
F1_I12E
F1_I12F
F1_I130
F1_I131
F1_I132
F1_I133
F1_I134
F1_I135
F1_I136
F1_I137
F1_I138
F1_I139
F1_I13A
F1_I13B
F1_I13C
F1_I13D
F1_I13E
F1_I13F
F1_I140
F1_I141
F1_I142
F1_I143
F1_I144
F1_I145
F1_I146
F1_I147
F1_I148
F1_I149
F1_I14A
F1_I14B
F1_I14C
F1_I14D
F1_I14E
F1_I14F
F1_I150
F1_I151
F1_I152
F1_I153
F1_I154
F1_I155
F1_I156
F1_I157
F1_I158
F1_I159
F1_I15A
F1_I15B
F1_I15C
F1_I15D
F1_I15E
F1_I15F
F1_I160
F1_I161
F1_I162
F1_I163
F1_I164
F1_I165
F1_I166
F1_I167
F1_I168
F1_I169
F1_I16A
F1_I16B
F1_I16C
F1_I16D
F1_I16E
F1_I16F
F1_I170
F1_I171
F1_I172
F1_I173
F1_I174
F1_I175
F1_I176
F1_I177
F1_I178
F1_I179
F1_I17A
F1_I17B
F1_I17C
F1_I17D
F1_I17E
