   1              		.cpu arm7tdmi
   2              		.fpu softvfp
   3              		.eabi_attribute 20, 1
   4              		.eabi_attribute 21, 1
   5              		.eabi_attribute 23, 3
   6              		.eabi_attribute 24, 1
   7              		.eabi_attribute 25, 1
   8              		.eabi_attribute 26, 1
   9              		.eabi_attribute 30, 1
  10              		.eabi_attribute 34, 0
  11              		.eabi_attribute 18, 4
  12              		.code	16
  13              		.file	"CAN_mcm.c"
  14              		.text
  15              	.Ltext0:
  16              		.cfi_sections	.debug_frame
  17              		.comm	POWERtaskhandle,4,4
  18              		.comm	TWItaskhandle,4,4
  19              		.comm	SetTime,4,4
  20              	.Letext0:
  21              		.file 1 "./include/task.h"
  22              		.file 2 "./include/queue.h"
  23              		.file 3 "./include/semphr.h"
  24              		.file 4 "Board.h"
DEFINED SYMBOLS
                            *ABS*:00000000 CAN_mcm.c
                            *COM*:00000004 POWERtaskhandle
                            *COM*:00000004 TWItaskhandle
                            *COM*:00000004 SetTime
                           .group:00000000 wm4.1.e755308d0f97ac5a4d77c88bfa88161b
                           .group:00000000 wm4.Board.h.9.fb7d243db0e7e4c70fc5c5308962051c
                           .group:00000000 wm4.AT91SAM7A3.h.47.d520374ed0d352801eee6a21dd2220a3
                           .group:00000000 wm4.lib_AT91SAM7A3.h.43.b96965aef7b64d3c61b53421dff32f3d
                           .group:00000000 wm4.stddef.h.40.50cf36416e06376af8a9dca28536f2e4
                           .group:00000000 wm4.projdefs.h.55.cdae9ead80b5a2ac004f41bb277aad45
                           .group:00000000 wm4.FreeRTOSConfig.h.55.21a0bf6949661856eb9bd458ca526d69
                           .group:00000000 wm4.portmacro.h.78.312ea2a2591c2c784e5cb239eea0b39c
                           .group:00000000 wm4.portable.h.311.02653c2286cc0addcb8e7b32211fdde5
                           .group:00000000 wm4.mpu_wrappers.h.55.46a4a008a193040c38098e9a5f07ff9d
                           .group:00000000 wm4.FreeRTOS.h.136.ac0125896626c2d69b79b44ea315652b
                           .group:00000000 wm4.list.h.90.ffdb657f66139f74e2982d5a33457923
                           .group:00000000 wm4.task.h.75.6c9adf28cb16a37dd5593a2f9c33f128
                           .group:00000000 wm4.queue.h.62.c626e69c2c492f5b1e4920732a8be821
                           .group:00000000 wm4.semphr.h.65.030ef7caa4665b46960b9de8a1cccba7
                           .group:00000000 wm4.Board.h.1257.275975018c8e952526c2554b98141b95
                           .group:00000000 wm4.Board.h.1481.126b635f2c4daf829686312d1e66f9ec
                           .group:00000000 wm4.config.h.193.5fb8ef056cdff92dec3dee9552839d8c
                           .group:00000000 wm4._ansi.h.23.95dee4059009fe3ab635a191bb73dc66
                           .group:00000000 wm4.stdio.h.31.f48311dde756a2aec27351b58a280fb9
                           .group:00000000 wm4.stddef.h.161.e50ff8a9d5d1abbc15641da28ac571bf
                           .group:00000000 wm4.stdarg.h.34.3a23a216c0c293b3d2ea2e89281481e6
                           .group:00000000 wm4._default_types.h.6.1dbd2e581fd590860c7c17f21d147e91
                           .group:00000000 wm4.lock.h.2.9bc98482741e5e2a9450b12934a684ea
                           .group:00000000 wm4.stddef.h.161.c6104a0666cf681b6269ddc9b4f516d4
                           .group:00000000 wm4.reent.h.16.9e42f0e588b85e70b2bf6572af57ce64
                           .group:00000000 wm4.types.h.23.0d949686bbcadd1621462d4fa1f884f9
                           .group:00000000 wm4.types.h.2.e9cec8c90ab35f77d9f499e06ae02400
                           .group:00000000 wm4.types.h.80.4c41f90a958351ce40b14103f7ff82ee
                           .group:00000000 wm4.stdio.h.2.4aa87247282eca6c8f36f9de33d8df1a
                           .group:00000000 wm4.stdio.h.63.dfdea6580b080784d08faace69b6ed76
                           .group:00000000 wm4.stdlib.h.13.603ed7eb09a1561ab06840b7c0fcff58
                           .group:00000000 wm4.alloca.h.8.dfc0c703c47ec3e69746825b17d9e66d
                           .group:00000000 wm4.stdlib.h.53.c69c7609933ff56d59c757cec2d13230
                           .group:00000000 wm4.cdefs.h.45.6b392759c8a421d1199268021d4987e3
                           .group:00000000 wm4.string.h.118.0034ce03f0efcb6576b1b96865c749d5

NO UNDEFINED SYMBOLS
